[0.396s] DEBUG:colcon:Command line arguments: ['/home/minji/.local/bin/colcon', 'build']
[0.396s] DEBUG:colcon:Parsed command line arguments: Namespace(allow_overriding=[], ament_cmake_args=None, base_paths=['.'], build_base='build', catkin_cmake_args=None, catkin_skip_building_tests=False, cmake_args=None, cmake_clean_cache=False, cmake_clean_first=False, cmake_force_configure=False, cmake_target=None, cmake_target_skip_unavailable=False, continue_on_error=False, event_handlers=None, executor='parallel', ignore_user_meta=False, install_base='install', log_base=None, log_level=None, main=<bound method BuildVerb.main of <colcon_core.verb.build.BuildVerb object at 0x7f910287ee50>>, merge_install=False, metas=['./colcon.meta'], packages_above=None, packages_above_and_dependencies=None, packages_above_depth=None, packages_end=None, packages_ignore=None, packages_ignore_regex=None, packages_select=None, packages_select_build_failed=False, packages_select_by_dep=None, packages_select_regex=None, packages_select_test_failures=False, packages_skip=None, packages_skip_build_finished=False, packages_skip_by_dep=None, packages_skip_regex=None, packages_skip_test_passed=False, packages_skip_up_to=None, packages_start=None, packages_up_to=None, packages_up_to_regex=None, parallel_workers=8, paths=None, symlink_install=False, test_result_base=None, verb_extension=<colcon_core.verb.build.BuildVerb object at 0x7f910287ee50>, verb_name='build', verb_parser=<colcon_defaults.argument_parser.defaults.DefaultArgumentsDecorator object at 0x7f91024cc220>)
[0.407s] Level 1:colcon.colcon_core.package_discovery:discover_packages(colcon_meta) check parameters
[0.407s] Level 1:colcon.colcon_core.package_discovery:discover_packages(recursive) check parameters
[0.407s] Level 1:colcon.colcon_core.package_discovery:discover_packages(ignore) check parameters
[0.407s] Level 1:colcon.colcon_core.package_discovery:discover_packages(path) check parameters
[0.407s] Level 1:colcon.colcon_core.package_discovery:discover_packages(colcon_meta) discover
[0.407s] Level 1:colcon.colcon_core.package_discovery:discover_packages(recursive) discover
[0.408s] INFO:colcon.colcon_core.package_discovery:Crawling recursively for packages in '/home/minji/catkin_ws/src/aws-robomaker-hospital-world-ros1'
[0.408s] Level 1:colcon.colcon_core.package_identification:_identify(.) by extensions ['ignore', 'ignore_ament_install']
[0.408s] Level 1:colcon.colcon_core.package_identification:_identify(.) by extension 'ignore'
[0.408s] Level 1:colcon.colcon_core.package_identification:_identify(.) by extension 'ignore_ament_install'
[0.408s] Level 1:colcon.colcon_core.package_identification:_identify(.) by extensions ['colcon_pkg']
[0.408s] Level 1:colcon.colcon_core.package_identification:_identify(.) by extension 'colcon_pkg'
[0.408s] Level 1:colcon.colcon_core.package_identification:_identify(.) by extensions ['colcon_meta']
[0.408s] Level 1:colcon.colcon_core.package_identification:_identify(.) by extension 'colcon_meta'
[0.408s] Level 1:colcon.colcon_core.package_identification:_identify(.) by extensions ['ros']
[0.408s] Level 1:colcon.colcon_core.package_identification:_identify(.) by extension 'ros'
[0.450s] DEBUG:colcon.colcon_core.package_identification:Package '.' with type 'ros.catkin' and name 'aws_robomaker_hospital_world'
[0.450s] Level 1:colcon.colcon_core.package_discovery:discover_packages(recursive) using defaults
[0.450s] Level 1:colcon.colcon_core.package_discovery:discover_packages(ignore) discover
[0.450s] Level 1:colcon.colcon_core.package_discovery:discover_packages(ignore) using defaults
[0.450s] Level 1:colcon.colcon_core.package_discovery:discover_packages(path) discover
[0.450s] Level 1:colcon.colcon_core.package_discovery:discover_packages(path) using defaults
[0.479s] Level 5:colcon.colcon_core.verb:set package 'aws_robomaker_hospital_world' build argument 'cmake_args' from command line to 'None'
[0.479s] Level 5:colcon.colcon_core.verb:set package 'aws_robomaker_hospital_world' build argument 'cmake_target' from command line to 'None'
[0.479s] Level 5:colcon.colcon_core.verb:set package 'aws_robomaker_hospital_world' build argument 'cmake_target_skip_unavailable' from command line to 'False'
[0.479s] Level 5:colcon.colcon_core.verb:set package 'aws_robomaker_hospital_world' build argument 'cmake_clean_cache' from command line to 'False'
[0.479s] Level 5:colcon.colcon_core.verb:set package 'aws_robomaker_hospital_world' build argument 'cmake_clean_first' from command line to 'False'
[0.479s] Level 5:colcon.colcon_core.verb:set package 'aws_robomaker_hospital_world' build argument 'cmake_force_configure' from command line to 'False'
[0.479s] Level 5:colcon.colcon_core.verb:set package 'aws_robomaker_hospital_world' build argument 'ament_cmake_args' from command line to 'None'
[0.479s] Level 5:colcon.colcon_core.verb:set package 'aws_robomaker_hospital_world' build argument 'catkin_cmake_args' from command line to 'None'
[0.479s] Level 5:colcon.colcon_core.verb:set package 'aws_robomaker_hospital_world' build argument 'catkin_skip_building_tests' from command line to 'False'
[0.479s] DEBUG:colcon.colcon_core.verb:Building package 'aws_robomaker_hospital_world' with the following arguments: {'ament_cmake_args': None, 'build_base': '/home/minji/catkin_ws/src/aws-robomaker-hospital-world-ros1/build/aws_robomaker_hospital_world', 'catkin_cmake_args': None, 'catkin_skip_building_tests': False, 'cmake_args': None, 'cmake_clean_cache': False, 'cmake_clean_first': False, 'cmake_force_configure': False, 'cmake_target': None, 'cmake_target_skip_unavailable': False, 'install_base': '/home/minji/catkin_ws/src/aws-robomaker-hospital-world-ros1/install/aws_robomaker_hospital_world', 'merge_install': False, 'path': '/home/minji/catkin_ws/src/aws-robomaker-hospital-world-ros1', 'symlink_install': False, 'test_result_base': None}
[0.483s] WARNING:colcon.colcon_core.prefix_path.colcon:The path '/home/minji/Desktop/aws_robomaker_hospital_world/install' in the environment variable COLCON_PREFIX_PATH doesn't exist
[0.483s] WARNING:colcon.colcon_core.prefix_path.colcon:The path '/home/minji/catkin_ws/src/aws_robomaker_hospital_world/install' in the environment variable COLCON_PREFIX_PATH doesn't exist
[0.492s] INFO:colcon.colcon_core.executor:Executing jobs using 'parallel' executor
[0.503s] DEBUG:colcon.colcon_parallel_executor.executor.parallel:run_until_complete
[0.503s] INFO:colcon.colcon_ros.task.catkin.build:Building ROS package in '/home/minji/catkin_ws/src/aws-robomaker-hospital-world-ros1' with build type 'catkin'
[0.503s] INFO:colcon.colcon_cmake.task.cmake.build:Building CMake package in '/home/minji/catkin_ws/src/aws-robomaker-hospital-world-ros1'
[0.510s] INFO:colcon.colcon_core.plugin_system:Skipping extension 'colcon_core.shell.bat': Not used on non-Windows systems
[0.510s] INFO:colcon.colcon_core.shell:Skip shell extension 'powershell' for command environment: Not usable outside of PowerShell
[0.510s] DEBUG:colcon.colcon_core.shell:Skip shell extension 'dsv' for command environment
[0.519s] DEBUG:colcon.colcon_core.shell:Ignoring prefix path '/home/minji/catkin_ws/devel'
[0.522s] DEBUG:colcon.colcon_core.shell:Ignoring prefix path '/opt/ros/noetic'
[0.528s] DEBUG:colcon.colcon_core.event_handler.log_command:Invoking command in '/home/minji/catkin_ws/src/aws-robomaker-hospital-world-ros1/build/aws_robomaker_hospital_world': /usr/bin/cmake /home/minji/catkin_ws/src/aws-robomaker-hospital-world-ros1 -DCATKIN_INSTALL_INTO_PREFIX_ROOT=0 -DCMAKE_INSTALL_PREFIX=/home/minji/catkin_ws/src/aws-robomaker-hospital-world-ros1/install/aws_robomaker_hospital_world
[63.872s] DEBUG:colcon.colcon_parallel_executor.executor.parallel:run_until_complete was interrupted
[63.872s] DEBUG:colcon.colcon_parallel_executor.executor.parallel:run_until_complete again
[63.897s] Level 1:colcon.colcon_core.environment:create_environment_scripts_only(aws_robomaker_hospital_world)
[63.897s] DEBUG:colcon.colcon_core.event_handler.log_command:Invoked command in '/home/minji/catkin_ws/src/aws-robomaker-hospital-world-ros1/build/aws_robomaker_hospital_world' returned '-2': /usr/bin/cmake /home/minji/catkin_ws/src/aws-robomaker-hospital-world-ros1 -DCATKIN_INSTALL_INTO_PREFIX_ROOT=0 -DCMAKE_INSTALL_PREFIX=/home/minji/catkin_ws/src/aws-robomaker-hospital-world-ros1/install/aws_robomaker_hospital_world
[63.905s] Level 1:colcon.colcon_core.environment:checking '/home/minji/catkin_ws/src/aws-robomaker-hospital-world-ros1/install/aws_robomaker_hospital_world' for CMake module files
[63.905s] Level 1:colcon.colcon_core.environment:checking '/home/minji/catkin_ws/src/aws-robomaker-hospital-world-ros1/install/aws_robomaker_hospital_world' for CMake config files
[63.905s] Level 1:colcon.colcon_core.environment:checking '/home/minji/catkin_ws/src/aws-robomaker-hospital-world-ros1/install/aws_robomaker_hospital_world/bin'
[63.905s] Level 1:colcon.colcon_core.environment:checking '/home/minji/catkin_ws/src/aws-robomaker-hospital-world-ros1/install/aws_robomaker_hospital_world/lib/pkgconfig/aws_robomaker_hospital_world.pc'
[63.905s] Level 1:colcon.colcon_core.environment:checking '/home/minji/catkin_ws/src/aws-robomaker-hospital-world-ros1/install/aws_robomaker_hospital_world/lib/python3.8/site-packages'
[63.909s] INFO:colcon.colcon_core.shell:Creating package script '/home/minji/catkin_ws/src/aws-robomaker-hospital-world-ros1/install/aws_robomaker_hospital_world/share/aws_robomaker_hospital_world/package.ps1'
[63.910s] INFO:colcon.colcon_core.shell:Creating package descriptor '/home/minji/catkin_ws/src/aws-robomaker-hospital-world-ros1/install/aws_robomaker_hospital_world/share/aws_robomaker_hospital_world/package.dsv'
[63.911s] INFO:colcon.colcon_core.shell:Creating package script '/home/minji/catkin_ws/src/aws-robomaker-hospital-world-ros1/install/aws_robomaker_hospital_world/share/aws_robomaker_hospital_world/package.sh'
[63.911s] INFO:colcon.colcon_core.shell:Creating package script '/home/minji/catkin_ws/src/aws-robomaker-hospital-world-ros1/install/aws_robomaker_hospital_world/share/aws_robomaker_hospital_world/package.bash'
[63.911s] INFO:colcon.colcon_core.shell:Creating package script '/home/minji/catkin_ws/src/aws-robomaker-hospital-world-ros1/install/aws_robomaker_hospital_world/share/aws_robomaker_hospital_world/package.zsh'
[63.912s] Level 1:colcon.colcon_core.environment:create_file_with_runtime_dependencies(/home/minji/catkin_ws/src/aws-robomaker-hospital-world-ros1/install/aws_robomaker_hospital_world/share/colcon-core/packages/aws_robomaker_hospital_world)
[63.922s] DEBUG:colcon.colcon_parallel_executor.executor.parallel:run_until_complete finished
[63.922s] DEBUG:colcon.colcon_parallel_executor.executor.parallel:closing loop
[63.922s] DEBUG:colcon.colcon_parallel_executor.executor.parallel:loop closed
[63.922s] DEBUG:colcon.colcon_core.event_reactor:joining thread
[63.933s] INFO:colcon.colcon_core.plugin_system:Skipping extension 'colcon_notification.desktop_notification.terminal_notifier': Not used on non-Darwin systems
[63.933s] INFO:colcon.colcon_core.plugin_system:Skipping extension 'colcon_notification.desktop_notification.win32': Not used on non-Windows systems
[63.933s] INFO:colcon.colcon_notification.desktop_notification:Sending desktop notification using 'notify2'
[63.951s] DEBUG:colcon.colcon_core.event_reactor:joined thread
[63.956s] INFO:colcon.colcon_core.shell:Creating prefix script '/home/minji/catkin_ws/src/aws-robomaker-hospital-world-ros1/install/local_setup.ps1'
[63.956s] INFO:colcon.colcon_core.shell:Creating prefix util module '/home/minji/catkin_ws/src/aws-robomaker-hospital-world-ros1/install/_local_setup_util_ps1.py'
[63.957s] INFO:colcon.colcon_core.shell:Creating prefix chain script '/home/minji/catkin_ws/src/aws-robomaker-hospital-world-ros1/install/setup.ps1'
[63.961s] INFO:colcon.colcon_core.shell:Creating prefix script '/home/minji/catkin_ws/src/aws-robomaker-hospital-world-ros1/install/local_setup.sh'
[63.961s] INFO:colcon.colcon_core.shell:Creating prefix util module '/home/minji/catkin_ws/src/aws-robomaker-hospital-world-ros1/install/_local_setup_util_sh.py'
[63.961s] INFO:colcon.colcon_core.shell:Creating prefix chain script '/home/minji/catkin_ws/src/aws-robomaker-hospital-world-ros1/install/setup.sh'
[63.965s] INFO:colcon.colcon_core.shell:Creating prefix script '/home/minji/catkin_ws/src/aws-robomaker-hospital-world-ros1/install/local_setup.bash'
[63.965s] INFO:colcon.colcon_core.shell:Creating prefix chain script '/home/minji/catkin_ws/src/aws-robomaker-hospital-world-ros1/install/setup.bash'
[63.968s] INFO:colcon.colcon_core.shell:Creating prefix script '/home/minji/catkin_ws/src/aws-robomaker-hospital-world-ros1/install/local_setup.zsh'
[63.969s] INFO:colcon.colcon_core.shell:Creating prefix chain script '/home/minji/catkin_ws/src/aws-robomaker-hospital-world-ros1/install/setup.zsh'
