[0.394s] DEBUG:colcon:Command line arguments: ['/home/minji/.local/bin/colcon', 'build']
[0.394s] DEBUG:colcon:Parsed command line arguments: Namespace(allow_overriding=[], ament_cmake_args=None, base_paths=['.'], build_base='build', catkin_cmake_args=None, catkin_skip_building_tests=False, cmake_args=None, cmake_clean_cache=False, cmake_clean_first=False, cmake_force_configure=False, cmake_target=None, cmake_target_skip_unavailable=False, continue_on_error=False, event_handlers=None, executor='parallel', ignore_user_meta=False, install_base='install', log_base=None, log_level=None, main=<bound method BuildVerb.main of <colcon_core.verb.build.BuildVerb object at 0x7f4c6e530c70>>, merge_install=False, metas=['./colcon.meta'], packages_above=None, packages_above_and_dependencies=None, packages_above_depth=None, packages_end=None, packages_ignore=None, packages_ignore_regex=None, packages_select=None, packages_select_build_failed=False, packages_select_by_dep=None, packages_select_regex=None, packages_select_test_failures=False, packages_skip=None, packages_skip_build_finished=False, packages_skip_by_dep=None, packages_skip_regex=None, packages_skip_test_passed=False, packages_skip_up_to=None, packages_start=None, packages_up_to=None, packages_up_to_regex=None, parallel_workers=8, paths=None, symlink_install=False, test_result_base=None, verb_extension=<colcon_core.verb.build.BuildVerb object at 0x7f4c6e530c70>, verb_name='build', verb_parser=<colcon_defaults.argument_parser.defaults.DefaultArgumentsDecorator object at 0x7f4c6e0ea730>)
[0.404s] Level 1:colcon.colcon_core.package_discovery:discover_packages(colcon_meta) check parameters
[0.404s] Level 1:colcon.colcon_core.package_discovery:discover_packages(recursive) check parameters
[0.404s] Level 1:colcon.colcon_core.package_discovery:discover_packages(ignore) check parameters
[0.404s] Level 1:colcon.colcon_core.package_discovery:discover_packages(path) check parameters
[0.404s] Level 1:colcon.colcon_core.package_discovery:discover_packages(colcon_meta) discover
[0.404s] Level 1:colcon.colcon_core.package_discovery:discover_packages(recursive) discover
[0.404s] INFO:colcon.colcon_core.package_discovery:Crawling recursively for packages in '/home/minji/catkin_ws/src/aws-robomaker-hospital-world-ros1'
[0.404s] Level 1:colcon.colcon_core.package_identification:_identify(.) by extensions ['ignore', 'ignore_ament_install']
[0.404s] Level 1:colcon.colcon_core.package_identification:_identify(.) by extension 'ignore'
[0.405s] Level 1:colcon.colcon_core.package_identification:_identify(.) by extension 'ignore_ament_install'
[0.405s] Level 1:colcon.colcon_core.package_identification:_identify(.) by extensions ['colcon_pkg']
[0.405s] Level 1:colcon.colcon_core.package_identification:_identify(.) by extension 'colcon_pkg'
[0.405s] Level 1:colcon.colcon_core.package_identification:_identify(.) by extensions ['colcon_meta']
[0.405s] Level 1:colcon.colcon_core.package_identification:_identify(.) by extension 'colcon_meta'
[0.405s] Level 1:colcon.colcon_core.package_identification:_identify(.) by extensions ['ros']
[0.405s] Level 1:colcon.colcon_core.package_identification:_identify(.) by extension 'ros'
[0.443s] DEBUG:colcon.colcon_core.package_identification:Package '.' with type 'ros.catkin' and name 'aws_robomaker_hospital_world'
[0.443s] Level 1:colcon.colcon_core.package_discovery:discover_packages(recursive) using defaults
[0.443s] Level 1:colcon.colcon_core.package_discovery:discover_packages(ignore) discover
[0.443s] Level 1:colcon.colcon_core.package_discovery:discover_packages(ignore) using defaults
[0.443s] Level 1:colcon.colcon_core.package_discovery:discover_packages(path) discover
[0.443s] Level 1:colcon.colcon_core.package_discovery:discover_packages(path) using defaults
[0.470s] Level 5:colcon.colcon_core.verb:set package 'aws_robomaker_hospital_world' build argument 'cmake_args' from command line to 'None'
[0.470s] Level 5:colcon.colcon_core.verb:set package 'aws_robomaker_hospital_world' build argument 'cmake_target' from command line to 'None'
[0.470s] Level 5:colcon.colcon_core.verb:set package 'aws_robomaker_hospital_world' build argument 'cmake_target_skip_unavailable' from command line to 'False'
[0.470s] Level 5:colcon.colcon_core.verb:set package 'aws_robomaker_hospital_world' build argument 'cmake_clean_cache' from command line to 'False'
[0.470s] Level 5:colcon.colcon_core.verb:set package 'aws_robomaker_hospital_world' build argument 'cmake_clean_first' from command line to 'False'
[0.470s] Level 5:colcon.colcon_core.verb:set package 'aws_robomaker_hospital_world' build argument 'cmake_force_configure' from command line to 'False'
[0.470s] Level 5:colcon.colcon_core.verb:set package 'aws_robomaker_hospital_world' build argument 'ament_cmake_args' from command line to 'None'
[0.470s] Level 5:colcon.colcon_core.verb:set package 'aws_robomaker_hospital_world' build argument 'catkin_cmake_args' from command line to 'None'
[0.470s] Level 5:colcon.colcon_core.verb:set package 'aws_robomaker_hospital_world' build argument 'catkin_skip_building_tests' from command line to 'False'
[0.470s] DEBUG:colcon.colcon_core.verb:Building package 'aws_robomaker_hospital_world' with the following arguments: {'ament_cmake_args': None, 'build_base': '/home/minji/catkin_ws/src/aws-robomaker-hospital-world-ros1/build/aws_robomaker_hospital_world', 'catkin_cmake_args': None, 'catkin_skip_building_tests': False, 'cmake_args': None, 'cmake_clean_cache': False, 'cmake_clean_first': False, 'cmake_force_configure': False, 'cmake_target': None, 'cmake_target_skip_unavailable': False, 'install_base': '/home/minji/catkin_ws/src/aws-robomaker-hospital-world-ros1/install/aws_robomaker_hospital_world', 'merge_install': False, 'path': '/home/minji/catkin_ws/src/aws-robomaker-hospital-world-ros1', 'symlink_install': False, 'test_result_base': None}
[0.483s] WARNING:colcon.colcon_core.verb:Some selected packages are already built in one or more underlay workspaces:
	'aws_robomaker_hospital_world' is in: /home/minji/catkin_ws/src/aws-robomaker-hospital-world-ros1/install/aws_robomaker_hospital_world
If a package in a merged underlay workspace is overridden and it installs headers, then all packages in the overlay must sort their include directories by workspace order. Failure to do so may result in build failures or undefined behavior at run time.
If the overridden package is used by another package in any underlay, then the overriding package in the overlay must be API and ABI compatible or undefined behavior at run time may occur.

If you understand the risks and want to override a package anyways, add the following to the command line:
	--allow-overriding aws_robomaker_hospital_world

This may be promoted to an error in a future release of colcon-core.
[0.485s] INFO:colcon.colcon_core.executor:Executing jobs using 'parallel' executor
[0.494s] DEBUG:colcon.colcon_parallel_executor.executor.parallel:run_until_complete
[0.495s] INFO:colcon.colcon_ros.task.catkin.build:Building ROS package in '/home/minji/catkin_ws/src/aws-robomaker-hospital-world-ros1' with build type 'catkin'
[0.495s] INFO:colcon.colcon_cmake.task.cmake.build:Building CMake package in '/home/minji/catkin_ws/src/aws-robomaker-hospital-world-ros1'
[0.501s] INFO:colcon.colcon_core.plugin_system:Skipping extension 'colcon_core.shell.bat': Not used on non-Windows systems
[0.501s] INFO:colcon.colcon_core.shell:Skip shell extension 'powershell' for command environment: Not usable outside of PowerShell
[0.501s] DEBUG:colcon.colcon_core.shell:Skip shell extension 'dsv' for command environment
[0.512s] DEBUG:colcon.colcon_core.shell:Ignoring prefix path '/home/minji/catkin_ws/devel'
[0.514s] DEBUG:colcon.colcon_core.shell:Ignoring prefix path '/opt/ros/noetic'
[0.520s] DEBUG:colcon.colcon_core.event_handler.log_command:Invoking command in '/home/minji/catkin_ws/src/aws-robomaker-hospital-world-ros1/build/aws_robomaker_hospital_world': /usr/bin/cmake --build /home/minji/catkin_ws/src/aws-robomaker-hospital-world-ros1/build/aws_robomaker_hospital_world -- -j8 -l8
[0.553s] DEBUG:colcon.colcon_core.event_handler.log_command:Invoked command in '/home/minji/catkin_ws/src/aws-robomaker-hospital-world-ros1/build/aws_robomaker_hospital_world' returned '0': /usr/bin/cmake --build /home/minji/catkin_ws/src/aws-robomaker-hospital-world-ros1/build/aws_robomaker_hospital_world -- -j8 -l8
[0.596s] DEBUG:colcon.colcon_core.event_handler.log_command:Invoking command in '/home/minji/catkin_ws/src/aws-robomaker-hospital-world-ros1/build/aws_robomaker_hospital_world': /usr/bin/cmake --build /home/minji/catkin_ws/src/aws-robomaker-hospital-world-ros1/build/aws_robomaker_hospital_world --target tests -- -j8 -l8
[0.653s] DEBUG:colcon.colcon_core.event_handler.log_command:Invoked command in '/home/minji/catkin_ws/src/aws-robomaker-hospital-world-ros1/build/aws_robomaker_hospital_world' returned '0': /usr/bin/cmake --build /home/minji/catkin_ws/src/aws-robomaker-hospital-world-ros1/build/aws_robomaker_hospital_world --target tests -- -j8 -l8
[0.712s] DEBUG:colcon.colcon_core.event_handler.log_command:Invoking command in '/home/minji/catkin_ws/src/aws-robomaker-hospital-world-ros1/build/aws_robomaker_hospital_world': /usr/bin/cmake --install /home/minji/catkin_ws/src/aws-robomaker-hospital-world-ros1/build/aws_robomaker_hospital_world
[0.778s] DEBUG:colcon.colcon_core.event_handler.log_command:Invoked command in '/home/minji/catkin_ws/src/aws-robomaker-hospital-world-ros1/build/aws_robomaker_hospital_world' returned '0': /usr/bin/cmake --install /home/minji/catkin_ws/src/aws-robomaker-hospital-world-ros1/build/aws_robomaker_hospital_world
[0.780s] Level 1:colcon.colcon_core.shell:create_environment_hook('aws_robomaker_hospital_world', 'ros_package_path')
[0.785s] INFO:colcon.colcon_core.shell:Creating environment hook '/home/minji/catkin_ws/src/aws-robomaker-hospital-world-ros1/install/aws_robomaker_hospital_world/share/aws_robomaker_hospital_world/hook/ros_package_path.ps1'
[0.785s] INFO:colcon.colcon_core.shell:Creating environment descriptor '/home/minji/catkin_ws/src/aws-robomaker-hospital-world-ros1/install/aws_robomaker_hospital_world/share/aws_robomaker_hospital_world/hook/ros_package_path.dsv'
[0.785s] INFO:colcon.colcon_core.shell:Creating environment hook '/home/minji/catkin_ws/src/aws-robomaker-hospital-world-ros1/install/aws_robomaker_hospital_world/share/aws_robomaker_hospital_world/hook/ros_package_path.sh'
[0.786s] Level 1:colcon.colcon_ros.task.catkin:checking '/home/minji/catkin_ws/src/aws-robomaker-hospital-world-ros1/install/aws_robomaker_hospital_world/lib/python3/dist-packages'
[0.786s] Level 1:colcon.colcon_core.shell:create_environment_hook('aws_robomaker_hospital_world', 'pkg_config_path')
[0.790s] INFO:colcon.colcon_core.shell:Creating environment hook '/home/minji/catkin_ws/src/aws-robomaker-hospital-world-ros1/install/aws_robomaker_hospital_world/share/aws_robomaker_hospital_world/hook/pkg_config_path.ps1'
[0.791s] INFO:colcon.colcon_core.shell:Creating environment descriptor '/home/minji/catkin_ws/src/aws-robomaker-hospital-world-ros1/install/aws_robomaker_hospital_world/share/aws_robomaker_hospital_world/hook/pkg_config_path.dsv'
[0.791s] INFO:colcon.colcon_core.shell:Creating environment hook '/home/minji/catkin_ws/src/aws-robomaker-hospital-world-ros1/install/aws_robomaker_hospital_world/share/aws_robomaker_hospital_world/hook/pkg_config_path.sh'
[0.793s] Level 1:colcon.colcon_core.shell:create_environment_hook('aws_robomaker_hospital_world', 'pkg_config_path_multiarch')
[0.798s] INFO:colcon.colcon_core.shell:Creating environment hook '/home/minji/catkin_ws/src/aws-robomaker-hospital-world-ros1/install/aws_robomaker_hospital_world/share/aws_robomaker_hospital_world/hook/pkg_config_path_multiarch.ps1'
[0.799s] INFO:colcon.colcon_core.shell:Creating environment descriptor '/home/minji/catkin_ws/src/aws-robomaker-hospital-world-ros1/install/aws_robomaker_hospital_world/share/aws_robomaker_hospital_world/hook/pkg_config_path_multiarch.dsv'
[0.799s] INFO:colcon.colcon_core.shell:Creating environment hook '/home/minji/catkin_ws/src/aws-robomaker-hospital-world-ros1/install/aws_robomaker_hospital_world/share/aws_robomaker_hospital_world/hook/pkg_config_path_multiarch.sh'
[0.804s] Level 1:colcon.colcon_core.environment:create_environment_scripts_only(aws_robomaker_hospital_world)
[0.809s] Level 1:colcon.colcon_core.environment:checking '/home/minji/catkin_ws/src/aws-robomaker-hospital-world-ros1/install/aws_robomaker_hospital_world' for CMake module files
[0.810s] Level 1:colcon.colcon_core.environment:checking '/home/minji/catkin_ws/src/aws-robomaker-hospital-world-ros1/install/aws_robomaker_hospital_world' for CMake config files
[0.812s] Level 1:colcon.colcon_core.shell:create_environment_hook('aws_robomaker_hospital_world', 'cmake_prefix_path')
[0.816s] INFO:colcon.colcon_core.shell:Creating environment hook '/home/minji/catkin_ws/src/aws-robomaker-hospital-world-ros1/install/aws_robomaker_hospital_world/share/aws_robomaker_hospital_world/hook/cmake_prefix_path.ps1'
[0.817s] INFO:colcon.colcon_core.shell:Creating environment descriptor '/home/minji/catkin_ws/src/aws-robomaker-hospital-world-ros1/install/aws_robomaker_hospital_world/share/aws_robomaker_hospital_world/hook/cmake_prefix_path.dsv'
[0.817s] INFO:colcon.colcon_core.shell:Creating environment hook '/home/minji/catkin_ws/src/aws-robomaker-hospital-world-ros1/install/aws_robomaker_hospital_world/share/aws_robomaker_hospital_world/hook/cmake_prefix_path.sh'
[0.817s] Level 1:colcon.colcon_core.environment:checking '/home/minji/catkin_ws/src/aws-robomaker-hospital-world-ros1/install/aws_robomaker_hospital_world/lib'
[0.817s] Level 1:colcon.colcon_core.environment:checking '/home/minji/catkin_ws/src/aws-robomaker-hospital-world-ros1/install/aws_robomaker_hospital_world/bin'
[0.817s] Level 1:colcon.colcon_core.environment:checking '/home/minji/catkin_ws/src/aws-robomaker-hospital-world-ros1/install/aws_robomaker_hospital_world/lib/pkgconfig/aws_robomaker_hospital_world.pc'
[0.817s] Level 1:colcon.colcon_core.shell:create_environment_hook('aws_robomaker_hospital_world', 'pkg_config')
[0.821s] INFO:colcon.colcon_core.shell:Creating environment hook '/home/minji/catkin_ws/src/aws-robomaker-hospital-world-ros1/install/aws_robomaker_hospital_world/share/aws_robomaker_hospital_world/hook/pkg_config.ps1'
[0.822s] INFO:colcon.colcon_core.shell:Creating environment descriptor '/home/minji/catkin_ws/src/aws-robomaker-hospital-world-ros1/install/aws_robomaker_hospital_world/share/aws_robomaker_hospital_world/hook/pkg_config.dsv'
[0.822s] INFO:colcon.colcon_core.shell:Creating environment hook '/home/minji/catkin_ws/src/aws-robomaker-hospital-world-ros1/install/aws_robomaker_hospital_world/share/aws_robomaker_hospital_world/hook/pkg_config.sh'
[0.822s] Level 1:colcon.colcon_core.environment:checking '/home/minji/catkin_ws/src/aws-robomaker-hospital-world-ros1/install/aws_robomaker_hospital_world/lib/python3.8/site-packages'
[0.827s] INFO:colcon.colcon_core.shell:Creating package script '/home/minji/catkin_ws/src/aws-robomaker-hospital-world-ros1/install/aws_robomaker_hospital_world/share/aws_robomaker_hospital_world/package.ps1'
[0.828s] INFO:colcon.colcon_core.shell:Creating package descriptor '/home/minji/catkin_ws/src/aws-robomaker-hospital-world-ros1/install/aws_robomaker_hospital_world/share/aws_robomaker_hospital_world/package.dsv'
[0.829s] INFO:colcon.colcon_core.shell:Creating package script '/home/minji/catkin_ws/src/aws-robomaker-hospital-world-ros1/install/aws_robomaker_hospital_world/share/aws_robomaker_hospital_world/package.sh'
[0.829s] INFO:colcon.colcon_core.shell:Creating package script '/home/minji/catkin_ws/src/aws-robomaker-hospital-world-ros1/install/aws_robomaker_hospital_world/share/aws_robomaker_hospital_world/package.bash'
[0.829s] INFO:colcon.colcon_core.shell:Creating package script '/home/minji/catkin_ws/src/aws-robomaker-hospital-world-ros1/install/aws_robomaker_hospital_world/share/aws_robomaker_hospital_world/package.zsh'
[0.830s] Level 1:colcon.colcon_core.environment:create_file_with_runtime_dependencies(/home/minji/catkin_ws/src/aws-robomaker-hospital-world-ros1/install/aws_robomaker_hospital_world/share/colcon-core/packages/aws_robomaker_hospital_world)
[0.830s] DEBUG:colcon.colcon_parallel_executor.executor.parallel:closing loop
[0.830s] DEBUG:colcon.colcon_parallel_executor.executor.parallel:loop closed
[0.831s] DEBUG:colcon.colcon_parallel_executor.executor.parallel:run_until_complete finished with '0'
[0.831s] DEBUG:colcon.colcon_core.event_reactor:joining thread
[0.837s] INFO:colcon.colcon_core.plugin_system:Skipping extension 'colcon_notification.desktop_notification.terminal_notifier': Not used on non-Darwin systems
[0.837s] INFO:colcon.colcon_core.plugin_system:Skipping extension 'colcon_notification.desktop_notification.win32': Not used on non-Windows systems
[0.837s] INFO:colcon.colcon_notification.desktop_notification:Sending desktop notification using 'notify2'
[0.847s] DEBUG:colcon.colcon_core.event_reactor:joined thread
[0.852s] INFO:colcon.colcon_core.shell:Creating prefix script '/home/minji/catkin_ws/src/aws-robomaker-hospital-world-ros1/install/local_setup.ps1'
[0.852s] INFO:colcon.colcon_core.shell:Creating prefix util module '/home/minji/catkin_ws/src/aws-robomaker-hospital-world-ros1/install/_local_setup_util_ps1.py'
[0.853s] INFO:colcon.colcon_core.shell:Creating prefix chain script '/home/minji/catkin_ws/src/aws-robomaker-hospital-world-ros1/install/setup.ps1'
[0.857s] INFO:colcon.colcon_core.shell:Creating prefix script '/home/minji/catkin_ws/src/aws-robomaker-hospital-world-ros1/install/local_setup.sh'
[0.857s] INFO:colcon.colcon_core.shell:Creating prefix util module '/home/minji/catkin_ws/src/aws-robomaker-hospital-world-ros1/install/_local_setup_util_sh.py'
[0.858s] INFO:colcon.colcon_core.shell:Creating prefix chain script '/home/minji/catkin_ws/src/aws-robomaker-hospital-world-ros1/install/setup.sh'
[0.861s] INFO:colcon.colcon_core.shell:Creating prefix script '/home/minji/catkin_ws/src/aws-robomaker-hospital-world-ros1/install/local_setup.bash'
[0.862s] INFO:colcon.colcon_core.shell:Creating prefix chain script '/home/minji/catkin_ws/src/aws-robomaker-hospital-world-ros1/install/setup.bash'
[0.865s] INFO:colcon.colcon_core.shell:Creating prefix script '/home/minji/catkin_ws/src/aws-robomaker-hospital-world-ros1/install/local_setup.zsh'
[0.865s] INFO:colcon.colcon_core.shell:Creating prefix chain script '/home/minji/catkin_ws/src/aws-robomaker-hospital-world-ros1/install/setup.zsh'
