[0.017s] Invoking command in '/home/minji/catkin_ws/src/aws-robomaker-hospital-world-ros1/build/aws_robomaker_hospital_world': /usr/bin/cmake /home/minji/catkin_ws/src/aws-robomaker-hospital-world-ros1 -DCATKIN_INSTALL_INTO_PREFIX_ROOT=0 -DCMAKE_INSTALL_PREFIX=/home/minji/catkin_ws/src/aws-robomaker-hospital-world-ros1/install/aws_robomaker_hospital_world
[0.065s] -- The C compiler identification is GNU 9.3.0
[0.114s] -- The CXX compiler identification is GNU 9.3.0
[0.118s] -- Check for working C compiler: /usr/bin/cc
[0.171s] -- Check for working C compiler: /usr/bin/cc -- works
[0.172s] -- Detecting C compiler ABI info
[0.238s] -- Detecting C compiler ABI info - done
[0.252s] -- Detecting C compile features
[0.253s] -- Detecting C compile features - done
[0.255s] -- Check for working CXX compiler: /usr/bin/c++
[0.309s] -- Check for working CXX compiler: /usr/bin/c++ -- works
[0.309s] -- Detecting CXX compiler ABI info
[0.366s] -- Detecting CXX compiler ABI info - done
[0.376s] -- Detecting CXX compile features
[0.376s] -- Detecting CXX compile features - done
[0.377s] -- Using CATKIN_DEVEL_PREFIX: /home/minji/catkin_ws/src/aws-robomaker-hospital-world-ros1/build/aws_robomaker_hospital_world/devel
[0.378s] -- Using CMAKE_PREFIX_PATH: /opt/ros/noetic
[0.378s] -- This workspace overlays: /opt/ros/noetic
[0.397s] -- Found PythonInterp: /usr/bin/python3 (found suitable version "3.8.10", minimum required is "3") 
[0.397s] -- Using PYTHON_EXECUTABLE: /usr/bin/python3
[0.397s] -- Using Debian Python package layout
[0.419s] -- Found PY_em: /usr/lib/python3/dist-packages/em.py  
[0.419s] -- Using empy: /usr/lib/python3/dist-packages/em.py
[0.505s] -- Using CATKIN_ENABLE_TESTING: ON
[0.505s] -- Call enable_testing()
[0.507s] -- Using CATKIN_TEST_RESULTS_DIR: /home/minji/catkin_ws/src/aws-robomaker-hospital-world-ros1/build/aws_robomaker_hospital_world/test_results
[0.751s] -- Forcing gtest/gmock from source, though one was otherwise available.
[0.751s] -- Found gtest sources under '/usr/src/googletest': gtests will be built
[0.751s] -- Found gmock sources under '/usr/src/googletest': gmock will be built
[0.775s] -- Found PythonInterp: /usr/bin/python3 (found version "3.8.10") 
[0.776s] -- Found Threads: TRUE  
[0.779s] -- Using Python nosetests: /usr/bin/nosetests3
[0.863s] -- catkin 0.8.10
[0.863s] -- BUILD_SHARED_LIBS is on
[1.028s] -- Using these message generators: gencpp;geneus;genlisp;gennodejs;genpy
[1.121s] running python3 -m pip install -r /home/minji/catkin_ws/src/aws-robomaker-hospital-world-ros1/requirements.txt 2>&1
[1.402s] Defaulting to user installation because normal site-packages is not writeable
[1.459s] Requirement already satisfied: docopt>=0.6.2 in /home/minji/.local/lib/python3.8/site-packages (from -r /home/minji/catkin_ws/src/aws-robomaker-hospital-world-ros1/requirements.txt (line 1)) (0.6.2)
[1.460s] Requirement already satisfied: requests in /home/minji/.local/lib/python3.8/site-packages (from -r /home/minji/catkin_ws/src/aws-robomaker-hospital-world-ros1/requirements.txt (line 2)) (2.26.0)
[1.460s] Requirement already satisfied: lxml in /home/minji/.local/lib/python3.8/site-packages (from -r /home/minji/catkin_ws/src/aws-robomaker-hospital-world-ros1/requirements.txt (line 3)) (4.7.1)
[1.478s] Requirement already satisfied: urllib3<1.27,>=1.21.1 in /usr/lib/python3/dist-packages (from requests->-r /home/minji/catkin_ws/src/aws-robomaker-hospital-world-ros1/requirements.txt (line 2)) (1.25.8)
[1.478s] Requirement already satisfied: charset-normalizer~=2.0.0 in /home/minji/.local/lib/python3.8/site-packages (from requests->-r /home/minji/catkin_ws/src/aws-robomaker-hospital-world-ros1/requirements.txt (line 2)) (2.0.9)
[1.479s] Requirement already satisfied: idna<4,>=2.5 in /usr/lib/python3/dist-packages (from requests->-r /home/minji/catkin_ws/src/aws-robomaker-hospital-world-ros1/requirements.txt (line 2)) (2.8)
[1.479s] Requirement already satisfied: certifi>=2017.4.17 in /usr/lib/python3/dist-packages (from requests->-r /home/minji/catkin_ws/src/aws-robomaker-hospital-world-ros1/requirements.txt (line 2)) (2019.11.28)
[1.921s] running python3 /home/minji/catkin_ws/src/aws-robomaker-hospital-world-ros1/fuel_utility.py download -m XRayMachine -m IVStand -m BloodPressureMonitor -m BPCart -m BMWCart -m CGMClassic -m StorageRack -m Chair -m InstrumentCart1 -m Scrubs -m PatientWheelChair -m WhiteChipChair -m TrolleyBed -m SurgicalTrolley -m PotatoChipChair -m VisitorKidSit -m FemaleVisitorSit -m AdjTable -m MopCart3 -m MaleVisitorSit -m Drawer -m OfficeChairBlack -m ElderLadyPatient -m ElderMalePatient -m InstrumentCart2 -m MetalCabinet -m BedTable -m BedsideTable -m AnesthesiaMachine -m TrolleyBedPatient -m Shower -m SurgicalTrolleyMed -m StorageRackCovered -m KitchenSink -m Toilet -m VendingMachine -m ParkingTrolleyMin -m PatientFSit -m MaleVisitorOnPhone -m FemaleVisitor -m MalePatientBed -m StorageRackCoverOpen -m ParkingTrolleyMax -d /home/minji/catkin_ws/src/aws-robomaker-hospital-world-ros1/fuel_models --verbose 2>&1
[1.990s] DEBUG:root:Arguments provided: {"download": true, "--query": null, "--model": ["XRayMachine", "IVStand", "BloodPressureMonitor", "BPCart", "BMWCart", "CGMClassic", "StorageRack", "Chair", "InstrumentCart1", "Scrubs", "PatientWheelChair", "WhiteChipChair", "TrolleyBed", "SurgicalTrolley", "PotatoChipChair", "VisitorKidSit", "FemaleVisitorSit", "AdjTable", "MopCart3", "MaleVisitorSit", "Drawer", "OfficeChairBlack", "ElderLadyPatient", "ElderMalePatient", "InstrumentCart2", "MetalCabinet", "BedTable", "BedsideTable", "AnesthesiaMachine", "TrolleyBedPatient", "Shower", "SurgicalTrolleyMed", "StorageRackCovered", "KitchenSink", "Toilet", "VendingMachine", "ParkingTrolleyMin", "PatientFSit", "MaleVisitorOnPhone", "FemaleVisitor", "MalePatientBed", "StorageRackCoverOpen", "ParkingTrolleyMax"], "--version": 0, "-,": false, "--verbose": true, "--destination": "/home/minji/catkin_ws/src/aws-robomaker-hospital-world-ros1/fuel_models"}
[1.990s] INFO:root:Starting fuel models..
[1.990s] INFO:root:Fetching model XRayMachine.
[1.991s] DEBUG:urllib3.connectionpool:Starting new HTTPS connection (1): fuel.ignitionrobotics.org:443
[2.976s] DEBUG:urllib3.connectionpool:https://fuel.ignitionrobotics.org:443 "GET /1.0/OpenRobotics/models/XRayMachine HTTP/1.1" 200 390
[2.978s] INFO:root:Fetching model IVStand.
[2.980s] DEBUG:urllib3.connectionpool:Starting new HTTPS connection (1): fuel.ignitionrobotics.org:443
[3.870s] DEBUG:urllib3.connectionpool:https://fuel.ignitionrobotics.org:443 "GET /1.0/OpenRobotics/models/IVStand HTTP/1.1" 200 382
[3.871s] INFO:root:Fetching model BloodPressureMonitor.
[3.874s] DEBUG:urllib3.connectionpool:Starting new HTTPS connection (1): fuel.ignitionrobotics.org:443
[4.856s] DEBUG:urllib3.connectionpool:https://fuel.ignitionrobotics.org:443 "GET /1.0/OpenRobotics/models/BloodPressureMonitor HTTP/1.1" 200 394
[4.858s] INFO:root:Fetching model BPCart.
[4.860s] DEBUG:urllib3.connectionpool:Starting new HTTPS connection (1): fuel.ignitionrobotics.org:443
[5.735s] DEBUG:urllib3.connectionpool:https://fuel.ignitionrobotics.org:443 "GET /1.0/OpenRobotics/models/BPCart HTTP/1.1" 200 379
[5.737s] INFO:root:Fetching model BMWCart.
[5.738s] DEBUG:urllib3.connectionpool:Starting new HTTPS connection (1): fuel.ignitionrobotics.org:443
[6.615s] DEBUG:urllib3.connectionpool:https://fuel.ignitionrobotics.org:443 "GET /1.0/OpenRobotics/models/BMWCart HTTP/1.1" 200 363
[6.617s] INFO:root:Fetching model CGMClassic.
[6.620s] DEBUG:urllib3.connectionpool:Starting new HTTPS connection (1): fuel.ignitionrobotics.org:443
[7.550s] DEBUG:urllib3.connectionpool:https://fuel.ignitionrobotics.org:443 "GET /1.0/OpenRobotics/models/CGMClassic HTTP/1.1" 200 372
[7.552s] INFO:root:Fetching model StorageRack.
[7.555s] DEBUG:urllib3.connectionpool:Starting new HTTPS connection (1): fuel.ignitionrobotics.org:443
[9.552s] DEBUG:urllib3.connectionpool:https://fuel.ignitionrobotics.org:443 "GET /1.0/OpenRobotics/models/StorageRack HTTP/1.1" 200 370
[9.554s] INFO:root:Fetching model Chair.
[9.556s] DEBUG:urllib3.connectionpool:Starting new HTTPS connection (1): fuel.ignitionrobotics.org:443
[10.596s] DEBUG:urllib3.connectionpool:https://fuel.ignitionrobotics.org:443 "GET /1.0/OpenRobotics/models/Chair HTTP/1.1" 200 362
[10.598s] INFO:root:Fetching model InstrumentCart1.
[10.601s] DEBUG:urllib3.connectionpool:Starting new HTTPS connection (1): fuel.ignitionrobotics.org:443
[11.641s] DEBUG:urllib3.connectionpool:https://fuel.ignitionrobotics.org:443 "GET /1.0/OpenRobotics/models/InstrumentCart1 HTTP/1.1" 200 362
[11.643s] INFO:root:Fetching model Scrubs.
[11.645s] DEBUG:urllib3.connectionpool:Starting new HTTPS connection (1): fuel.ignitionrobotics.org:443
[12.788s] DEBUG:urllib3.connectionpool:https://fuel.ignitionrobotics.org:443 "GET /1.0/OpenRobotics/models/Scrubs HTTP/1.1" 200 355
[12.789s] INFO:root:Fetching model PatientWheelChair.
[12.791s] DEBUG:urllib3.connectionpool:Starting new HTTPS connection (1): fuel.ignitionrobotics.org:443
[13.726s] DEBUG:urllib3.connectionpool:https://fuel.ignitionrobotics.org:443 "GET /1.0/OpenRobotics/models/PatientWheelChair HTTP/1.1" 200 401
[13.728s] INFO:root:Fetching model WhiteChipChair.
[13.732s] DEBUG:urllib3.connectionpool:Starting new HTTPS connection (1): fuel.ignitionrobotics.org:443
[14.667s] DEBUG:urllib3.connectionpool:https://fuel.ignitionrobotics.org:443 "GET /1.0/OpenRobotics/models/WhiteChipChair HTTP/1.1" 200 393
[14.669s] INFO:root:Fetching model TrolleyBed.
[14.671s] DEBUG:urllib3.connectionpool:Starting new HTTPS connection (1): fuel.ignitionrobotics.org:443
[15.710s] DEBUG:urllib3.connectionpool:https://fuel.ignitionrobotics.org:443 "GET /1.0/OpenRobotics/models/TrolleyBed HTTP/1.1" 200 393
[15.712s] INFO:root:Fetching model SurgicalTrolley.
[15.714s] DEBUG:urllib3.connectionpool:Starting new HTTPS connection (1): fuel.ignitionrobotics.org:443
[16.754s] DEBUG:urllib3.connectionpool:https://fuel.ignitionrobotics.org:443 "GET /1.0/OpenRobotics/models/SurgicalTrolley HTTP/1.1" 200 368
[16.756s] INFO:root:Fetching model PotatoChipChair.
[16.759s] DEBUG:urllib3.connectionpool:Starting new HTTPS connection (1): fuel.ignitionrobotics.org:443
[17.902s] DEBUG:urllib3.connectionpool:https://fuel.ignitionrobotics.org:443 "GET /1.0/OpenRobotics/models/PotatoChipChair HTTP/1.1" 200 395
[17.904s] INFO:root:Fetching model VisitorKidSit.
[17.905s] DEBUG:urllib3.connectionpool:Starting new HTTPS connection (1): fuel.ignitionrobotics.org:443
[19.154s] DEBUG:urllib3.connectionpool:https://fuel.ignitionrobotics.org:443 "GET /1.0/OpenRobotics/models/VisitorKidSit HTTP/1.1" 200 363
[19.156s] INFO:root:Fetching model FemaleVisitorSit.
[19.159s] DEBUG:urllib3.connectionpool:Starting new HTTPS connection (1): fuel.ignitionrobotics.org:443
[20.262s] DEBUG:urllib3.connectionpool:https://fuel.ignitionrobotics.org:443 "GET /1.0/OpenRobotics/models/FemaleVisitorSit HTTP/1.1" 200 365
[20.264s] INFO:root:Fetching model AdjTable.
[20.268s] DEBUG:urllib3.connectionpool:Starting new HTTPS connection (1): fuel.ignitionrobotics.org:443
[21.206s] DEBUG:urllib3.connectionpool:https://fuel.ignitionrobotics.org:443 "GET /1.0/OpenRobotics/models/AdjTable HTTP/1.1" 200 376
[21.208s] INFO:root:Fetching model MopCart3.
[21.211s] DEBUG:urllib3.connectionpool:Starting new HTTPS connection (1): fuel.ignitionrobotics.org:443
[22.249s] DEBUG:urllib3.connectionpool:https://fuel.ignitionrobotics.org:443 "GET /1.0/OpenRobotics/models/MopCart3 HTTP/1.1" 200 359
[22.251s] INFO:root:Fetching model MaleVisitorSit.
[22.254s] DEBUG:urllib3.connectionpool:Starting new HTTPS connection (1): fuel.ignitionrobotics.org:443
[23.434s] DEBUG:urllib3.connectionpool:https://fuel.ignitionrobotics.org:443 "GET /1.0/OpenRobotics/models/MaleVisitorSit HTTP/1.1" 200 363
[23.436s] INFO:root:Fetching model Drawer.
[23.440s] DEBUG:urllib3.connectionpool:Starting new HTTPS connection (1): fuel.ignitionrobotics.org:443
[24.374s] DEBUG:urllib3.connectionpool:https://fuel.ignitionrobotics.org:443 "GET /1.0/OpenRobotics/models/Drawer HTTP/1.1" 200 364
[24.376s] INFO:root:Fetching model OfficeChairBlack.
[24.379s] DEBUG:urllib3.connectionpool:Starting new HTTPS connection (1): fuel.ignitionrobotics.org:443
[25.626s] DEBUG:urllib3.connectionpool:https://fuel.ignitionrobotics.org:443 "GET /1.0/OpenRobotics/models/OfficeChairBlack HTTP/1.1" 200 371
[25.628s] INFO:root:Fetching model ElderLadyPatient.
[25.631s] DEBUG:urllib3.connectionpool:Starting new HTTPS connection (1): fuel.ignitionrobotics.org:443
[26.618s] DEBUG:urllib3.connectionpool:https://fuel.ignitionrobotics.org:443 "GET /1.0/OpenRobotics/models/ElderLadyPatient HTTP/1.1" 200 365
[26.620s] INFO:root:Fetching model ElderMalePatient.
[26.624s] DEBUG:urllib3.connectionpool:Starting new HTTPS connection (1): fuel.ignitionrobotics.org:443
[27.979s] DEBUG:urllib3.connectionpool:https://fuel.ignitionrobotics.org:443 "GET /1.0/OpenRobotics/models/ElderMalePatient HTTP/1.1" 200 364
[27.981s] INFO:root:Fetching model InstrumentCart2.
[27.984s] DEBUG:urllib3.connectionpool:Starting new HTTPS connection (1): fuel.ignitionrobotics.org:443
[28.914s] DEBUG:urllib3.connectionpool:https://fuel.ignitionrobotics.org:443 "GET /1.0/OpenRobotics/models/InstrumentCart2 HTTP/1.1" 200 360
[28.916s] INFO:root:Fetching model MetalCabinet.
[28.918s] DEBUG:urllib3.connectionpool:Starting new HTTPS connection (1): fuel.ignitionrobotics.org:443
[30.115s] DEBUG:urllib3.connectionpool:https://fuel.ignitionrobotics.org:443 "GET /1.0/OpenRobotics/models/MetalCabinet HTTP/1.1" 200 367
[30.118s] INFO:root:Fetching model BedTable.
[30.121s] DEBUG:urllib3.connectionpool:Starting new HTTPS connection (1): fuel.ignitionrobotics.org:443
[31.112s] DEBUG:urllib3.connectionpool:https://fuel.ignitionrobotics.org:443 "GET /1.0/OpenRobotics/models/BedTable HTTP/1.1" 200 368
[31.114s] INFO:root:Fetching model BedsideTable.
[31.116s] DEBUG:urllib3.connectionpool:Starting new HTTPS connection (1): fuel.ignitionrobotics.org:443
[32.255s] DEBUG:urllib3.connectionpool:https://fuel.ignitionrobotics.org:443 "GET /1.0/OpenRobotics/models/BedsideTable HTTP/1.1" 200 368
[32.257s] INFO:root:Fetching model AnesthesiaMachine.
[32.260s] DEBUG:urllib3.connectionpool:Starting new HTTPS connection (1): fuel.ignitionrobotics.org:443
[33.138s] DEBUG:urllib3.connectionpool:https://fuel.ignitionrobotics.org:443 "GET /1.0/OpenRobotics/models/AnesthesiaMachine HTTP/1.1" 200 366
[33.140s] INFO:root:Fetching model TrolleyBedPatient.
[33.143s] DEBUG:urllib3.connectionpool:Starting new HTTPS connection (1): fuel.ignitionrobotics.org:443
[34.017s] DEBUG:urllib3.connectionpool:https://fuel.ignitionrobotics.org:443 "GET /1.0/OpenRobotics/models/TrolleyBedPatient HTTP/1.1" 200 395
[34.019s] INFO:root:Fetching model Shower.
[34.021s] DEBUG:urllib3.connectionpool:Starting new HTTPS connection (1): fuel.ignitionrobotics.org:443
[34.970s] DEBUG:urllib3.connectionpool:https://fuel.ignitionrobotics.org:443 "GET /1.0/OpenRobotics/models/Shower HTTP/1.1" 200 366
[34.972s] INFO:root:Fetching model SurgicalTrolleyMed.
[34.974s] DEBUG:urllib3.connectionpool:Starting new HTTPS connection (1): fuel.ignitionrobotics.org:443
[35.892s] DEBUG:urllib3.connectionpool:https://fuel.ignitionrobotics.org:443 "GET /1.0/OpenRobotics/models/SurgicalTrolleyMed HTTP/1.1" 200 368
[35.895s] INFO:root:Fetching model StorageRackCovered.
[35.897s] DEBUG:urllib3.connectionpool:Starting new HTTPS connection (1): fuel.ignitionrobotics.org:443
[36.847s] DEBUG:urllib3.connectionpool:https://fuel.ignitionrobotics.org:443 "GET /1.0/OpenRobotics/models/StorageRackCovered HTTP/1.1" 200 371
[36.849s] INFO:root:Fetching model KitchenSink.
[36.851s] DEBUG:urllib3.connectionpool:Starting new HTTPS connection (1): fuel.ignitionrobotics.org:443
[37.944s] DEBUG:urllib3.connectionpool:https://fuel.ignitionrobotics.org:443 "GET /1.0/OpenRobotics/models/KitchenSink HTTP/1.1" 200 374
[37.946s] INFO:root:Fetching model Toilet.
[37.949s] DEBUG:urllib3.connectionpool:Starting new HTTPS connection (1): fuel.ignitionrobotics.org:443
[38.947s] DEBUG:urllib3.connectionpool:https://fuel.ignitionrobotics.org:443 "GET /1.0/OpenRobotics/models/Toilet HTTP/1.1" 200 363
[38.949s] INFO:root:Fetching model VendingMachine.
[38.952s] DEBUG:urllib3.connectionpool:Starting new HTTPS connection (1): fuel.ignitionrobotics.org:443
[39.886s] DEBUG:urllib3.connectionpool:https://fuel.ignitionrobotics.org:443 "GET /1.0/OpenRobotics/models/VendingMachine HTTP/1.1" 200 375
[39.888s] INFO:root:Fetching model ParkingTrolleyMin.
[39.891s] DEBUG:urllib3.connectionpool:Starting new HTTPS connection (1): fuel.ignitionrobotics.org:443
[40.972s] DEBUG:urllib3.connectionpool:https://fuel.ignitionrobotics.org:443 "GET /1.0/OpenRobotics/models/ParkingTrolleyMin HTTP/1.1" 200 416
[40.974s] INFO:root:Fetching model PatientFSit.
[40.977s] DEBUG:urllib3.connectionpool:Starting new HTTPS connection (1): fuel.ignitionrobotics.org:443
[42.120s] DEBUG:urllib3.connectionpool:https://fuel.ignitionrobotics.org:443 "GET /1.0/OpenRobotics/models/PatientFSit HTTP/1.1" 200 361
[42.123s] INFO:root:Fetching model MaleVisitorOnPhone.
[42.125s] DEBUG:urllib3.connectionpool:Starting new HTTPS connection (1): fuel.ignitionrobotics.org:443
[43.268s] DEBUG:urllib3.connectionpool:https://fuel.ignitionrobotics.org:443 "GET /1.0/OpenRobotics/models/MaleVisitorOnPhone HTTP/1.1" 200 383
[43.271s] INFO:root:Fetching model FemaleVisitor.
[43.273s] DEBUG:urllib3.connectionpool:Starting new HTTPS connection (1): fuel.ignitionrobotics.org:443
[44.312s] DEBUG:urllib3.connectionpool:https://fuel.ignitionrobotics.org:443 "GET /1.0/OpenRobotics/models/FemaleVisitor HTTP/1.1" 200 362
[44.314s] INFO:root:Fetching model MalePatientBed.
[44.317s] DEBUG:urllib3.connectionpool:Starting new HTTPS connection (1): fuel.ignitionrobotics.org:443
[45.411s] DEBUG:urllib3.connectionpool:https://fuel.ignitionrobotics.org:443 "GET /1.0/OpenRobotics/models/MalePatientBed HTTP/1.1" 200 363
[45.413s] INFO:root:Fetching model StorageRackCoverOpen.
[45.414s] DEBUG:urllib3.connectionpool:Starting new HTTPS connection (1): fuel.ignitionrobotics.org:443
[46.819s] DEBUG:urllib3.connectionpool:https://fuel.ignitionrobotics.org:443 "GET /1.0/OpenRobotics/models/StorageRackCoverOpen HTTP/1.1" 200 381
[46.821s] INFO:root:Fetching model ParkingTrolleyMax.
[46.822s] DEBUG:urllib3.connectionpool:Starting new HTTPS connection (1): fuel.ignitionrobotics.org:443
[48.071s] DEBUG:urllib3.connectionpool:https://fuel.ignitionrobotics.org:443 "GET /1.0/OpenRobotics/models/ParkingTrolleyMax HTTP/1.1" 200 417
[48.075s] DEBUG:root:Complete model list: [{'createdAt': '2020-08-06T11:41:57Z', 'updatedAt': '2022-01-09T08:30:36Z', 'name': 'XRayMachine', 'owner': 'OpenRobotics', 'description': '', 'likes': 0, 'downloads': 1717, 'filesize': 345665, 'upload_date': '2020-08-06T11:41:56Z', 'modify_date': '2020-08-06T11:41:56Z', 'license_id': 2, 'license_name': 'Creative Commons Attribution 4.0 International', 'license_url': 'http://creativecommons.org/licenses/by/4.0/', 'license_image': 'https://i.creativecommons.org/l/by/4.0/88x31.png', 'permission': 0, 'url_name': '', 'thumbnail_url': '/OpenRobotics/models/XRayMachine/tip/files/thumbnails/1.png', 'version': 1, 'private': False, 'tags': ['xray', 'machine', 'xraymachine'], 'categories': ['Electronics', 'Appliance']}, {'createdAt': '2020-08-06T11:26:29Z', 'updatedAt': '2022-01-09T08:31:50Z', 'name': 'IVStand', 'owner': 'OpenRobotics', 'description': '', 'likes': 0, 'downloads': 4948, 'filesize': 774855, 'upload_date': '2020-08-06T11:26:28Z', 'modify_date': '2020-08-06T11:47:42Z', 'license_id': 2, 'license_name': 'Creative Commons Attribution 4.0 International', 'license_url': 'http://creativecommons.org/licenses/by/4.0/', 'license_image': 'https://i.creativecommons.org/l/by/4.0/88x31.png', 'permission': 0, 'url_name': '', 'thumbnail_url': '/OpenRobotics/models/IVStand/tip/files/thumbnails/1.png', 'version': 1, 'private': False, 'tags': ['stand', 'IV', 'IVStand'], 'categories': ['Appliance']}, {'createdAt': '2020-08-06T11:21:27Z', 'updatedAt': '2022-01-09T08:31:59Z', 'name': 'BloodPressureMonitor', 'owner': 'OpenRobotics', 'description': '', 'likes': 0, 'downloads': 1705, 'filesize': 237020, 'upload_date': '2020-08-06T11:21:26Z', 'modify_date': '2020-08-06T11:49:48Z', 'license_id': 2, 'license_name': 'Creative Commons Attribution 4.0 International', 'license_url': 'http://creativecommons.org/licenses/by/4.0/', 'license_image': 'https://i.creativecommons.org/l/by/4.0/88x31.png', 'permission': 0, 'url_name': '', 'thumbnail_url': '/OpenRobotics/models/BloodPressureMonitor/tip/files/thumbnails/1.png', 'version': 1, 'private': False, 'tags': ['monitor', 'bloodpressure', 'blood', 'bloodpressuremonitor'], 'categories': ['Appliance']}, {'createdAt': '2020-08-06T11:22:38Z', 'updatedAt': '2022-01-09T08:32:09Z', 'name': 'BPCart', 'owner': 'OpenRobotics', 'description': '', 'likes': 0, 'downloads': 1702, 'filesize': 1659990, 'upload_date': '2020-08-06T11:22:35Z', 'modify_date': '2020-08-06T11:49:22Z', 'license_id': 2, 'license_name': 'Creative Commons Attribution 4.0 International', 'license_url': 'http://creativecommons.org/licenses/by/4.0/', 'license_image': 'https://i.creativecommons.org/l/by/4.0/88x31.png', 'permission': 0, 'url_name': '', 'thumbnail_url': '/OpenRobotics/models/BPCart/tip/files/thumbnails/1.png', 'version': 1, 'private': False, 'tags': ['bp', 'cart', 'bpcart'], 'categories': ['Appliance']}, {'createdAt': '2020-06-26T09:36:40Z', 'updatedAt': '2022-01-09T08:32:22Z', 'name': 'BMWCart', 'owner': 'OpenRobotics', 'description': '', 'likes': 0, 'downloads': 1457, 'filesize': 1607574, 'upload_date': '2020-06-26T09:36:38Z', 'modify_date': '2020-06-26T09:36:38Z', 'license_id': 2, 'license_name': 'Creative Commons Attribution 4.0 International', 'license_url': 'http://creativecommons.org/licenses/by/4.0/', 'license_image': 'https://i.creativecommons.org/l/by/4.0/88x31.png', 'permission': 0, 'url_name': '', 'thumbnail_url': '/OpenRobotics/models/BMWCart/tip/files/thumbnails/1.png', 'version': 1, 'private': False, 'categories': ['Appliance']}, {'createdAt': '2019-10-28T05:53:59Z', 'updatedAt': '2022-01-09T08:32:32Z', 'name': 'CGMClassic', 'owner': 'OpenRobotics', 'description': '', 'likes': 0, 'downloads': 1949, 'filesize': 1597545, 'upload_date': '2019-10-28T05:53:56Z', 'modify_date': '2020-10-05T08:56:32Z', 'license_id': 2, 'license_name': 'Creative Commons Attribution 4.0 International', 'license_url': 'http://creativecommons.org/licenses/by/4.0/', 'license_image': 'https://i.creativecommons.org/l/by/4.0/88x31.png', 'permission': 0, 'url_name': '', 'thumbnail_url': '/OpenRobotics/models/CGMClassic/tip/files/thumbnails/1.png', 'version': 3, 'private': False, 'tags': ['hospital', 'bed']}, {'createdAt': '2019-10-28T06:40:47Z', 'updatedAt': '2022-01-09T08:32:43Z', 'name': 'StorageRack', 'owner': 'OpenRobotics', 'description': 'Empty Grilled Storage Rack', 'likes': 0, 'downloads': 24238, 'filesize': 70905, 'upload_date': '2019-10-28T06:40:44Z', 'modify_date': '2019-10-28T06:40:44Z', 'license_id': 2, 'license_name': 'Creative Commons Attribution 4.0 International', 'license_url': 'http://creativecommons.org/licenses/by/4.0/', 'license_image': 'https://i.creativecommons.org/l/by/4.0/88x31.png', 'permission': 0, 'url_name': '', 'thumbnail_url': '/OpenRobotics/models/StorageRack/tip/files/thumbnails/1.png', 'version': 1, 'private': False, 'tags': ['hospital']}, {'createdAt': '2020-05-20T19:30:13Z', 'updatedAt': '2022-01-09T08:32:51Z', 'name': 'Chair', 'owner': 'OpenRobotics', 'description': '', 'likes': 0, 'downloads': 10133, 'filesize': 2741590, 'upload_date': '2020-05-20T19:30:11Z', 'modify_date': '2020-05-20T19:30:11Z', 'license_id': 2, 'license_name': 'Creative Commons Attribution 4.0 International', 'license_url': 'http://creativecommons.org/licenses/by/4.0/', 'license_image': 'https://i.creativecommons.org/l/by/4.0/88x31.png', 'permission': 0, 'url_name': '', 'thumbnail_url': '/OpenRobotics/models/Chair/tip/files/thumbnails/1.png', 'version': 1, 'private': False, 'categories': ['Furniture and Home']}, {'createdAt': '2019-10-28T06:19:00Z', 'updatedAt': '2022-01-09T08:33:11Z', 'name': 'InstrumentCart1', 'owner': 'OpenRobotics', 'description': '', 'likes': 0, 'downloads': 1625, 'filesize': 135677, 'upload_date': '2019-10-28T06:18:57Z', 'modify_date': '2019-10-28T06:18:57Z', 'license_id': 2, 'license_name': 'Creative Commons Attribution 4.0 International', 'license_url': 'http://creativecommons.org/licenses/by/4.0/', 'license_image': 'https://i.creativecommons.org/l/by/4.0/88x31.png', 'permission': 0, 'url_name': '', 'thumbnail_url': '/OpenRobotics/models/InstrumentCart1/tip/files/thumbnails/1.png', 'version': 1, 'private': False, 'tags': ['hospital']}, {'createdAt': '2020-07-06T10:19:54Z', 'updatedAt': '2022-01-09T08:33:22Z', 'name': 'Scrubs', 'owner': 'OpenRobotics', 'description': '', 'likes': 0, 'downloads': 5024, 'filesize': 1028421, 'upload_date': '2020-07-06T10:19:52Z', 'modify_date': '2020-07-06T10:19:52Z', 'license_id': 2, 'license_name': 'Creative Commons Attribution 4.0 International', 'license_url': 'http://creativecommons.org/licenses/by/4.0/', 'license_image': 'https://i.creativecommons.org/l/by/4.0/88x31.png', 'permission': 0, 'url_name': '', 'thumbnail_url': '/OpenRobotics/models/Scrubs/tip/files/thumbnails/1.png', 'version': 1, 'private': False, 'categories': ['People']}, {'createdAt': '2019-10-28T06:33:50Z', 'updatedAt': '2022-01-09T08:33:37Z', 'name': 'PatientWheelChair', 'owner': 'OpenRobotics', 'description': 'Elderly patient on a wheelchair', 'likes': 0, 'downloads': 5173, 'filesize': 1175273, 'upload_date': '2019-10-28T06:33:46Z', 'modify_date': '2020-08-31T07:45:16Z', 'license_id': 2, 'license_name': 'Creative Commons Attribution 4.0 International', 'license_url': 'http://creativecommons.org/licenses/by/4.0/', 'license_image': 'https://i.creativecommons.org/l/by/4.0/88x31.png', 'permission': 0, 'url_name': '', 'thumbnail_url': '/OpenRobotics/models/PatientWheelChair/tip/files/thumbnails/1.png', 'version': 3, 'private': False, 'tags': ['person', 'hospital']}, {'createdAt': '2019-10-28T06:48:13Z', 'updatedAt': '2022-01-09T08:33:45Z', 'name': 'WhiteChipChair', 'owner': 'OpenRobotics', 'description': 'White row of seats.', 'likes': 0, 'downloads': 14265, 'filesize': 792333, 'upload_date': '2019-10-28T06:48:10Z', 'modify_date': '2021-01-15T07:34:47Z', 'license_id': 2, 'license_name': 'Creative Commons Attribution 4.0 International', 'license_url': 'http://creativecommons.org/licenses/by/4.0/', 'license_image': 'https://i.creativecommons.org/l/by/4.0/88x31.png', 'permission': 0, 'url_name': '', 'thumbnail_url': '/OpenRobotics/models/WhiteChipChair/tip/files/thumbnails/1.png', 'version': 2, 'private': False, 'tags': ['hospital', 'furniture']}, {'createdAt': '2019-10-25T09:22:08Z', 'updatedAt': '2022-01-09T08:33:54Z', 'name': 'TrolleyBed', 'owner': 'OpenRobotics', 'description': 'Bed to transport patients', 'likes': 0, 'downloads': 2026, 'filesize': 1015682, 'upload_date': '2019-10-25T09:22:04Z', 'modify_date': '2020-07-07T17:16:25Z', 'license_id': 2, 'license_name': 'Creative Commons Attribution 4.0 International', 'license_url': 'http://creativecommons.org/licenses/by/4.0/', 'license_image': 'https://i.creativecommons.org/l/by/4.0/88x31.png', 'permission': 0, 'url_name': '', 'thumbnail_url': '/OpenRobotics/models/TrolleyBed/tip/files/thumbnails/1.png', 'version': 2, 'private': False, 'tags': ['static', 'hospital', 'bed']}, {'createdAt': '2019-10-28T06:43:28Z', 'updatedAt': '2022-01-09T08:24:41Z', 'name': 'SurgicalTrolley', 'owner': 'OpenRobotics', 'description': 'Surgical supply trolley', 'likes': 0, 'downloads': 1576, 'filesize': 849805, 'upload_date': '2019-10-28T06:43:25Z', 'modify_date': '2019-10-28T06:43:25Z', 'license_id': 2, 'license_name': 'Creative Commons Attribution 4.0 International', 'license_url': 'http://creativecommons.org/licenses/by/4.0/', 'license_image': 'https://i.creativecommons.org/l/by/4.0/88x31.png', 'permission': 0, 'url_name': '', 'thumbnail_url': '/OpenRobotics/models/SurgicalTrolley/tip/files/thumbnails/1.png', 'version': 1, 'private': False, 'tags': ['hospital']}, {'createdAt': '2019-10-28T06:34:44Z', 'updatedAt': '2022-01-09T08:24:51Z', 'name': 'PotatoChipChair', 'owner': 'OpenRobotics', 'description': 'Blue row of seats.', 'likes': 0, 'downloads': 11802, 'filesize': 824743, 'upload_date': '2019-10-28T06:34:41Z', 'modify_date': '2021-01-15T07:33:39Z', 'license_id': 2, 'license_name': 'Creative Commons Attribution 4.0 International', 'license_url': 'http://creativecommons.org/licenses/by/4.0/', 'license_image': 'https://i.creativecommons.org/l/by/4.0/88x31.png', 'permission': 0, 'url_name': '', 'thumbnail_url': '/OpenRobotics/models/PotatoChipChair/tip/files/thumbnails/1.png', 'version': 2, 'private': False, 'tags': ['hospital', 'furniture']}, {'createdAt': '2020-05-20T19:38:37Z', 'updatedAt': '2022-01-09T08:25:00Z', 'name': 'VisitorKidSit', 'owner': 'OpenRobotics', 'description': '', 'likes': 0, 'downloads': 8437, 'filesize': 744956, 'upload_date': '2020-05-20T19:38:35Z', 'modify_date': '2020-05-20T19:38:35Z', 'license_id': 2, 'license_name': 'Creative Commons Attribution 4.0 International', 'license_url': 'http://creativecommons.org/licenses/by/4.0/', 'license_image': 'https://i.creativecommons.org/l/by/4.0/88x31.png', 'permission': 0, 'url_name': '', 'thumbnail_url': '/OpenRobotics/models/VisitorKidSit/tip/files/thumbnails/1.png', 'version': 1, 'private': False, 'categories': ['People']}, {'createdAt': '2020-05-20T19:34:41Z', 'updatedAt': '2022-01-09T08:25:08Z', 'name': 'FemaleVisitorSit', 'owner': 'OpenRobotics', 'description': '', 'likes': 0, 'downloads': 8689, 'filesize': 669884, 'upload_date': '2020-05-20T19:34:39Z', 'modify_date': '2020-05-20T19:34:39Z', 'license_id': 2, 'license_name': 'Creative Commons Attribution 4.0 International', 'license_url': 'http://creativecommons.org/licenses/by/4.0/', 'license_image': 'https://i.creativecommons.org/l/by/4.0/88x31.png', 'permission': 0, 'url_name': '', 'thumbnail_url': '/OpenRobotics/models/FemaleVisitorSit/tip/files/thumbnails/1.png', 'version': 1, 'private': False, 'categories': ['People']}, {'createdAt': '2020-06-09T12:06:50Z', 'updatedAt': '2022-01-09T08:25:27Z', 'name': 'AdjTable', 'owner': 'OpenRobotics', 'description': '', 'likes': 0, 'downloads': 6364, 'filesize': 4100585, 'upload_date': '2020-06-09T12:06:48Z', 'modify_date': '2020-07-15T05:23:10Z', 'license_id': 2, 'license_name': 'Creative Commons Attribution 4.0 International', 'license_url': 'http://creativecommons.org/licenses/by/4.0/', 'license_image': 'https://i.creativecommons.org/l/by/4.0/88x31.png', 'permission': 0, 'url_name': '', 'thumbnail_url': '/OpenRobotics/models/AdjTable/tip/files/thumbnails/1.png', 'version': 3, 'private': False, 'categories': ['Furniture and Home']}, {'createdAt': '2020-06-22T08:41:13Z', 'updatedAt': '2022-01-09T08:25:48Z', 'name': 'MopCart3', 'owner': 'OpenRobotics', 'description': '', 'likes': 0, 'downloads': 8750, 'filesize': 5787981, 'upload_date': '2020-06-22T08:41:10Z', 'modify_date': '2020-06-22T08:41:10Z', 'license_id': 2, 'license_name': 'Creative Commons Attribution 4.0 International', 'license_url': 'http://creativecommons.org/licenses/by/4.0/', 'license_image': 'https://i.creativecommons.org/l/by/4.0/88x31.png', 'permission': 0, 'url_name': '', 'thumbnail_url': '/OpenRobotics/models/MopCart3/tip/files/thumbnails/1.png', 'version': 1, 'private': False, 'categories': ['Appliance']}, {'createdAt': '2020-05-20T19:36:36Z', 'updatedAt': '2022-01-09T08:26:17Z', 'name': 'MaleVisitorSit', 'owner': 'OpenRobotics', 'description': '', 'likes': 0, 'downloads': 8640, 'filesize': 596416, 'upload_date': '2020-05-20T19:36:34Z', 'modify_date': '2020-05-20T19:36:34Z', 'license_id': 2, 'license_name': 'Creative Commons Attribution 4.0 International', 'license_url': 'http://creativecommons.org/licenses/by/4.0/', 'license_image': 'https://i.creativecommons.org/l/by/4.0/88x31.png', 'permission': 0, 'url_name': '', 'thumbnail_url': '/OpenRobotics/models/MaleVisitorSit/tip/files/thumbnails/1.png', 'version': 1, 'private': False, 'categories': ['People']}, {'createdAt': '2020-06-09T12:11:18Z', 'updatedAt': '2022-01-09T08:24:31Z', 'name': 'Drawer', 'owner': 'OpenRobotics', 'description': '', 'likes': 0, 'downloads': 7445, 'filesize': 135520, 'upload_date': '2020-06-09T12:11:16Z', 'modify_date': '2020-06-09T12:11:16Z', 'license_id': 2, 'license_name': 'Creative Commons Attribution 4.0 International', 'license_url': 'http://creativecommons.org/licenses/by/4.0/', 'license_image': 'https://i.creativecommons.org/l/by/4.0/88x31.png', 'permission': 0, 'url_name': '', 'thumbnail_url': '/OpenRobotics/models/Drawer/tip/files/thumbnails/1.png', 'version': 1, 'private': False, 'categories': ['Furniture and Home']}, {'createdAt': '2020-06-09T12:12:56Z', 'updatedAt': '2022-01-09T08:24:28Z', 'name': 'OfficeChairBlack', 'owner': 'OpenRobotics', 'description': '', 'likes': 0, 'downloads': 6747, 'filesize': 793096, 'upload_date': '2020-06-09T12:12:54Z', 'modify_date': '2020-06-09T12:12:54Z', 'license_id': 2, 'license_name': 'Creative Commons Attribution 4.0 International', 'license_url': 'http://creativecommons.org/licenses/by/4.0/', 'license_image': 'https://i.creativecommons.org/l/by/4.0/88x31.png', 'permission': 0, 'url_name': '', 'thumbnail_url': '/OpenRobotics/models/OfficeChairBlack/tip/files/thumbnails/1.png', 'version': 1, 'private': False, 'categories': ['Furniture and Home']}, {'createdAt': '2020-05-21T06:09:55Z', 'updatedAt': '2022-01-09T08:23:46Z', 'name': 'ElderLadyPatient', 'owner': 'OpenRobotics', 'description': '', 'likes': 0, 'downloads': 5070, 'filesize': 2731549, 'upload_date': '2020-05-21T06:09:52Z', 'modify_date': '2020-05-21T06:09:52Z', 'license_id': 2, 'license_name': 'Creative Commons Attribution 4.0 International', 'license_url': 'http://creativecommons.org/licenses/by/4.0/', 'license_image': 'https://i.creativecommons.org/l/by/4.0/88x31.png', 'permission': 0, 'url_name': '', 'thumbnail_url': '/OpenRobotics/models/ElderLadyPatient/tip/files/thumbnails/1.png', 'version': 1, 'private': False, 'categories': ['People']}, {'createdAt': '2020-05-21T06:13:26Z', 'updatedAt': '2022-01-09T08:23:50Z', 'name': 'ElderMalePatient', 'owner': 'OpenRobotics', 'description': '', 'likes': 0, 'downloads': 5317, 'filesize': 2918271, 'upload_date': '2020-05-21T06:13:24Z', 'modify_date': '2020-05-21T06:13:24Z', 'license_id': 2, 'license_name': 'Creative Commons Attribution 4.0 International', 'license_url': 'http://creativecommons.org/licenses/by/4.0/', 'license_image': 'https://i.creativecommons.org/l/by/4.0/88x31.png', 'permission': 0, 'url_name': '', 'thumbnail_url': '/OpenRobotics/models/ElderMalePatient/tip/files/thumbnails/1.png', 'version': 1, 'private': False, 'categories': ['People']}, {'createdAt': '2019-10-28T06:19:44Z', 'updatedAt': '2022-01-09T08:07:32Z', 'name': 'InstrumentCart2', 'owner': 'OpenRobotics', 'description': '', 'likes': 0, 'downloads': 1583, 'filesize': 702606, 'upload_date': '2019-10-28T06:19:41Z', 'modify_date': '2019-10-28T06:19:41Z', 'license_id': 2, 'license_name': 'Creative Commons Attribution 4.0 International', 'license_url': 'http://creativecommons.org/licenses/by/4.0/', 'license_image': 'https://i.creativecommons.org/l/by/4.0/88x31.png', 'permission': 0, 'url_name': '', 'thumbnail_url': '/OpenRobotics/models/InstrumentCart2/tip/files/thumbnails/1.png', 'version': 1, 'private': False, 'tags': ['hospital']}, {'createdAt': '2019-10-28T06:23:41Z', 'updatedAt': '2022-01-09T08:23:17Z', 'name': 'MetalCabinet', 'owner': 'OpenRobotics', 'description': 'Tall grey metal cabinet', 'likes': 0, 'downloads': 7978, 'filesize': 29065, 'upload_date': '2019-10-28T06:23:37Z', 'modify_date': '2019-10-28T06:23:37Z', 'license_id': 2, 'license_name': 'Creative Commons Attribution 4.0 International', 'license_url': 'http://creativecommons.org/licenses/by/4.0/', 'license_image': 'https://i.creativecommons.org/l/by/4.0/88x31.png', 'permission': 0, 'url_name': '', 'thumbnail_url': '/OpenRobotics/models/MetalCabinet/tip/files/thumbnails/1.png', 'version': 1, 'private': False, 'tags': ['hospital']}, {'createdAt': '2020-05-21T05:53:52Z', 'updatedAt': '2022-01-09T08:07:47Z', 'name': 'BedTable', 'owner': 'OpenRobotics', 'description': '', 'likes': 0, 'downloads': 1839, 'filesize': 1088303, 'upload_date': '2020-05-21T05:53:49Z', 'modify_date': '2020-05-21T05:53:49Z', 'license_id': 2, 'license_name': 'Creative Commons Attribution 4.0 International', 'license_url': 'http://creativecommons.org/licenses/by/4.0/', 'license_image': 'https://i.creativecommons.org/l/by/4.0/88x31.png', 'permission': 0, 'url_name': '', 'thumbnail_url': '/OpenRobotics/models/BedTable/tip/files/thumbnails/1.png', 'version': 1, 'private': False, 'categories': ['Furniture and Home']}, {'createdAt': '2020-05-21T05:27:18Z', 'updatedAt': '2022-01-09T08:24:25Z', 'name': 'BedsideTable', 'owner': 'OpenRobotics', 'description': '', 'likes': 0, 'downloads': 2946, 'filesize': 691910, 'upload_date': '2020-05-21T05:27:16Z', 'modify_date': '2020-05-21T05:27:16Z', 'license_id': 2, 'license_name': 'Creative Commons Attribution 4.0 International', 'license_url': 'http://creativecommons.org/licenses/by/4.0/', 'license_image': 'https://i.creativecommons.org/l/by/4.0/88x31.png', 'permission': 0, 'url_name': '', 'thumbnail_url': '/OpenRobotics/models/BedsideTable/tip/files/thumbnails/1.png', 'version': 1, 'private': False, 'categories': ['Furniture and Home']}, {'createdAt': '2020-06-26T09:35:49Z', 'updatedAt': '2022-01-09T08:08:04Z', 'name': 'AnesthesiaMachine', 'owner': 'OpenRobotics', 'description': '', 'likes': 0, 'downloads': 1825, 'filesize': 541299, 'upload_date': '2020-06-26T09:35:47Z', 'modify_date': '2020-06-26T09:35:47Z', 'license_id': 2, 'license_name': 'Creative Commons Attribution 4.0 International', 'license_url': 'http://creativecommons.org/licenses/by/4.0/', 'license_image': 'https://i.creativecommons.org/l/by/4.0/88x31.png', 'permission': 0, 'url_name': '', 'thumbnail_url': '/OpenRobotics/models/AnesthesiaMachine/tip/files/thumbnails/1.png', 'version': 1, 'private': False, 'categories': ['Appliance']}, {'createdAt': '2019-10-28T06:45:05Z', 'updatedAt': '2022-01-09T08:08:13Z', 'name': 'TrolleyBedPatient', 'owner': 'OpenRobotics', 'description': 'Trolley Bed with patient', 'likes': 0, 'downloads': 1738, 'filesize': 1479205, 'upload_date': '2019-10-28T06:45:01Z', 'modify_date': '2020-07-07T17:16:55Z', 'license_id': 2, 'license_name': 'Creative Commons Attribution 4.0 International', 'license_url': 'http://creativecommons.org/licenses/by/4.0/', 'license_image': 'https://i.creativecommons.org/l/by/4.0/88x31.png', 'permission': 0, 'url_name': '', 'thumbnail_url': '/OpenRobotics/models/TrolleyBedPatient/tip/files/thumbnails/1.png', 'version': 2, 'private': False, 'tags': ['person', 'hospital', 'furniture']}, {'createdAt': '2020-06-25T10:18:19Z', 'updatedAt': '2022-01-09T08:24:09Z', 'name': 'Shower', 'owner': 'OpenRobotics', 'description': '', 'likes': 0, 'downloads': 6773, 'filesize': 568856, 'upload_date': '2020-06-25T10:18:17Z', 'modify_date': '2020-06-25T10:18:17Z', 'license_id': 2, 'license_name': 'Creative Commons Attribution 4.0 International', 'license_url': 'http://creativecommons.org/licenses/by/4.0/', 'license_image': 'https://i.creativecommons.org/l/by/4.0/88x31.png', 'permission': 0, 'url_name': '', 'thumbnail_url': '/OpenRobotics/models/Shower/tip/files/thumbnails/1.png', 'version': 1, 'private': False, 'categories': ['Furniture and Home']}, {'createdAt': '2020-06-26T09:39:00Z', 'updatedAt': '2022-01-09T08:23:06Z', 'name': 'SurgicalTrolleyMed', 'owner': 'OpenRobotics', 'description': '', 'likes': 0, 'downloads': 4840, 'filesize': 860176, 'upload_date': '2020-06-26T09:38:58Z', 'modify_date': '2020-06-26T09:38:58Z', 'license_id': 2, 'license_name': 'Creative Commons Attribution 4.0 International', 'license_url': 'http://creativecommons.org/licenses/by/4.0/', 'license_image': 'https://i.creativecommons.org/l/by/4.0/88x31.png', 'permission': 0, 'url_name': '', 'thumbnail_url': '/OpenRobotics/models/SurgicalTrolleyMed/tip/files/thumbnails/1.png', 'version': 1, 'private': False, 'categories': ['Appliance']}, {'createdAt': '2019-10-28T06:42:26Z', 'updatedAt': '2022-01-09T08:08:39Z', 'name': 'StorageRackCovered', 'owner': 'OpenRobotics', 'description': 'Storage rack covered.', 'likes': 0, 'downloads': 15602, 'filesize': 536807, 'upload_date': '2019-10-28T06:42:22Z', 'modify_date': '2019-10-28T06:42:22Z', 'license_id': 2, 'license_name': 'Creative Commons Attribution 4.0 International', 'license_url': 'http://creativecommons.org/licenses/by/4.0/', 'license_image': 'https://i.creativecommons.org/l/by/4.0/88x31.png', 'permission': 0, 'url_name': '', 'thumbnail_url': '/OpenRobotics/models/StorageRackCovered/tip/files/thumbnails/1.png', 'version': 1, 'private': False, 'tags': ['hospital']}, {'createdAt': '2020-06-22T08:38:48Z', 'updatedAt': '2022-01-09T08:23:25Z', 'name': 'KitchenSink', 'owner': 'OpenRobotics', 'description': '', 'likes': 0, 'downloads': 8455, 'filesize': 41731, 'upload_date': '2020-06-22T08:38:47Z', 'modify_date': '2020-06-22T08:42:25Z', 'license_id': 2, 'license_name': 'Creative Commons Attribution 4.0 International', 'license_url': 'http://creativecommons.org/licenses/by/4.0/', 'license_image': 'https://i.creativecommons.org/l/by/4.0/88x31.png', 'permission': 0, 'url_name': '', 'thumbnail_url': '/OpenRobotics/models/KitchenSink/tip/files/thumbnails/1.png', 'version': 1, 'private': False, 'categories': ['Furniture and Home', 'Kitchen']}, {'createdAt': '2020-06-25T10:18:48Z', 'updatedAt': '2022-01-09T08:25:00Z', 'name': 'Toilet', 'owner': 'OpenRobotics', 'description': '', 'likes': 0, 'downloads': 10072, 'filesize': 205503, 'upload_date': '2020-06-25T10:18:46Z', 'modify_date': '2020-06-25T10:18:46Z', 'license_id': 2, 'license_name': 'Creative Commons Attribution 4.0 International', 'license_url': 'http://creativecommons.org/licenses/by/4.0/', 'license_image': 'https://i.creativecommons.org/l/by/4.0/88x31.png', 'permission': 0, 'url_name': '', 'thumbnail_url': '/OpenRobotics/models/Toilet/tip/files/thumbnails/1.png', 'version': 1, 'private': False, 'categories': ['Furniture and Home']}, {'createdAt': '2020-06-25T10:20:57Z', 'updatedAt': '2022-01-09T08:24:55Z', 'name': 'VendingMachine', 'owner': 'OpenRobotics', 'description': '', 'likes': 0, 'downloads': 29876, 'filesize': 619550, 'upload_date': '2020-06-25T10:20:53Z', 'modify_date': '2020-07-15T05:32:07Z', 'license_id': 2, 'license_name': 'Creative Commons Attribution 4.0 International', 'license_url': 'http://creativecommons.org/licenses/by/4.0/', 'license_image': 'https://i.creativecommons.org/l/by/4.0/88x31.png', 'permission': 0, 'url_name': '', 'thumbnail_url': '/OpenRobotics/models/VendingMachine/tip/files/thumbnails/1.png', 'version': 2, 'private': False, 'categories': ['Appliance']}, {'createdAt': '2019-10-28T06:31:59Z', 'updatedAt': '2022-01-09T08:09:14Z', 'name': 'ParkingTrolleyMin', 'owner': 'OpenRobotics', 'description': 'Trolley and carts parking area with bags, this one has less bags', 'likes': 0, 'downloads': 1527, 'filesize': 1946726, 'upload_date': '2019-10-28T06:31:55Z', 'modify_date': '2020-07-07T17:15:19Z', 'license_id': 2, 'license_name': 'Creative Commons Attribution 4.0 International', 'license_url': 'http://creativecommons.org/licenses/by/4.0/', 'license_image': 'https://i.creativecommons.org/l/by/4.0/88x31.png', 'permission': 0, 'url_name': '', 'thumbnail_url': '/OpenRobotics/models/ParkingTrolleyMin/tip/files/thumbnails/1.png', 'version': 2, 'private': False, 'tags': ['hospital']}, {'createdAt': '2020-06-25T10:17:29Z', 'updatedAt': '2022-01-09T08:22:58Z', 'name': 'PatientFSit', 'owner': 'OpenRobotics', 'description': '', 'likes': 0, 'downloads': 5094, 'filesize': 657045, 'upload_date': '2020-06-25T10:17:27Z', 'modify_date': '2020-06-25T10:17:27Z', 'license_id': 2, 'license_name': 'Creative Commons Attribution 4.0 International', 'license_url': 'http://creativecommons.org/licenses/by/4.0/', 'license_image': 'https://i.creativecommons.org/l/by/4.0/88x31.png', 'permission': 0, 'url_name': '', 'thumbnail_url': '/OpenRobotics/models/PatientFSit/tip/files/thumbnails/1.png', 'version': 1, 'private': False, 'categories': ['People']}, {'createdAt': '2020-06-25T10:13:35Z', 'updatedAt': '2022-01-09T08:23:48Z', 'name': 'MaleVisitorOnPhone', 'owner': 'OpenRobotics', 'description': '', 'likes': 0, 'downloads': 5548, 'filesize': 1394258, 'upload_date': '2020-06-25T10:13:33Z', 'modify_date': '2020-06-25T10:13:33Z', 'license_id': 2, 'license_name': 'Creative Commons Attribution 4.0 International', 'license_url': 'http://creativecommons.org/licenses/by/4.0/', 'license_image': 'https://i.creativecommons.org/l/by/4.0/88x31.png', 'permission': 0, 'url_name': '', 'thumbnail_url': '/OpenRobotics/models/MaleVisitorOnPhone/tip/files/thumbnails/1.png', 'version': 1, 'private': False, 'categories': ['People', 'Tablet and Smartphone']}, {'createdAt': '2020-05-20T19:33:13Z', 'updatedAt': '2022-01-09T08:23:43Z', 'name': 'FemaleVisitor', 'owner': 'OpenRobotics', 'description': '', 'likes': 0, 'downloads': 8462, 'filesize': 685516, 'upload_date': '2020-05-20T19:33:11Z', 'modify_date': '2020-05-20T19:33:11Z', 'license_id': 2, 'license_name': 'Creative Commons Attribution 4.0 International', 'license_url': 'http://creativecommons.org/licenses/by/4.0/', 'license_image': 'https://i.creativecommons.org/l/by/4.0/88x31.png', 'permission': 0, 'url_name': '', 'thumbnail_url': '/OpenRobotics/models/FemaleVisitor/tip/files/thumbnails/1.png', 'version': 1, 'private': False, 'categories': ['People']}, {'createdAt': '2020-06-25T10:12:27Z', 'updatedAt': '2022-01-08T16:51:10Z', 'name': 'MalePatientBed', 'owner': 'OpenRobotics', 'description': '', 'likes': 0, 'downloads': 1998, 'filesize': 2087725, 'upload_date': '2020-06-25T10:12:25Z', 'modify_date': '2020-06-25T10:12:25Z', 'license_id': 2, 'license_name': 'Creative Commons Attribution 4.0 International', 'license_url': 'http://creativecommons.org/licenses/by/4.0/', 'license_image': 'https://i.creativecommons.org/l/by/4.0/88x31.png', 'permission': 0, 'url_name': '', 'thumbnail_url': '/OpenRobotics/models/MalePatientBed/tip/files/thumbnails/1.png', 'version': 1, 'private': False, 'categories': ['People']}, {'createdAt': '2019-10-28T06:41:39Z', 'updatedAt': '2022-01-09T04:14:08Z', 'name': 'StorageRackCoverOpen', 'owner': 'OpenRobotics', 'description': 'Storage rack with blue cover, open.', 'likes': 0, 'downloads': 13633, 'filesize': 635216, 'upload_date': '2019-10-28T06:41:36Z', 'modify_date': '2019-10-28T06:41:36Z', 'license_id': 2, 'license_name': 'Creative Commons Attribution 4.0 International', 'license_url': 'http://creativecommons.org/licenses/by/4.0/', 'license_image': 'https://i.creativecommons.org/l/by/4.0/88x31.png', 'permission': 0, 'url_name': '', 'thumbnail_url': '/OpenRobotics/models/StorageRackCoverOpen/tip/files/thumbnails/1.png', 'version': 1, 'private': False, 'tags': ['hospital']}, {'createdAt': '2019-10-28T06:30:59Z', 'updatedAt': '2022-01-09T08:23:37Z', 'name': 'ParkingTrolleyMax', 'owner': 'OpenRobotics', 'description': 'Trolley and carts parking area with bags, this one has more bags', 'likes': 0, 'downloads': 9906, 'filesize': 778398, 'upload_date': '2019-10-28T06:30:55Z', 'modify_date': '2020-07-07T17:14:45Z', 'license_id': 2, 'license_name': 'Creative Commons Attribution 4.0 International', 'license_url': 'http://creativecommons.org/licenses/by/4.0/', 'license_image': 'https://i.creativecommons.org/l/by/4.0/88x31.png', 'permission': 0, 'url_name': '', 'thumbnail_url': '/OpenRobotics/models/ParkingTrolleyMax/tip/files/thumbnails/1.png', 'version': 2, 'private': False, 'tags': ['hospital']}]
[48.075s] INFO:root:Downloading zip files and extracting them into /home/minji/catkin_ws/src/aws-robomaker-hospital-world-ros1/fuel_models directory
[48.075s] INFO:root:Model XRayMachine already downloaded.
[48.075s] INFO:root:Model IVStand already downloaded.
[48.075s] INFO:root:Model BloodPressureMonitor already downloaded.
[48.075s] INFO:root:Model BPCart already downloaded.
[48.075s] INFO:root:Model BMWCart already downloaded.
[48.075s] INFO:root:Model CGMClassic already downloaded.
[48.075s] INFO:root:Model StorageRack already downloaded.
[48.075s] INFO:root:Model Chair already downloaded.
[48.075s] INFO:root:Model InstrumentCart1 already downloaded.
[48.075s] INFO:root:Model Scrubs already downloaded.
[48.076s] INFO:root:Model PatientWheelChair already downloaded.
[48.076s] INFO:root:Model WhiteChipChair already downloaded.
[48.076s] INFO:root:Model TrolleyBed already downloaded.
[48.076s] INFO:root:Downloading SurgicalTrolley
[48.076s] DEBUG:urllib3.connectionpool:Starting new HTTPS connection (1): fuel.ignitionrobotics.org:443
[51.129s] DEBUG:urllib3.connectionpool:https://fuel.ignitionrobotics.org:443 "GET /1.0/OpenRobotics/models/SurgicalTrolley/1/SurgicalTrolley.zip HTTP/1.1" 200 849805
[62.168s] INFO:root:Sleeping for 5 second(s) between file downloads.
[62.169s] INFO:root:Downloading PotatoChipChair
[62.172s] DEBUG:urllib3.connectionpool:Starting new HTTPS connection (1): fuel.ignitionrobotics.org:443
[64.785s] DEBUG:urllib3.connectionpool:https://fuel.ignitionrobotics.org:443 "GET /1.0/OpenRobotics/models/PotatoChipChair/2/PotatoChipChair.zip HTTP/1.1" 200 824743
[71.033s] INFO:root:Sleeping for 5 second(s) between file downloads.
[71.034s] INFO:root:Downloading VisitorKidSit
[71.037s] DEBUG:urllib3.connectionpool:Starting new HTTPS connection (1): fuel.ignitionrobotics.org:443
[73.590s] DEBUG:urllib3.connectionpool:https://fuel.ignitionrobotics.org:443 "GET /1.0/OpenRobotics/models/VisitorKidSit/1/VisitorKidSit.zip HTTP/1.1" 200 744956
[80.072s] INFO:root:Sleeping for 5 second(s) between file downloads.
[80.073s] INFO:root:Downloading FemaleVisitorSit
[80.076s] DEBUG:urllib3.connectionpool:Starting new HTTPS connection (1): fuel.ignitionrobotics.org:443
[82.593s] DEBUG:urllib3.connectionpool:https://fuel.ignitionrobotics.org:443 "GET /1.0/OpenRobotics/models/FemaleVisitorSit/1/FemaleVisitorSit.zip HTTP/1.1" 200 669884
[101.139s] INFO:root:Sleeping for 5 second(s) between file downloads.
[101.139s] INFO:root:Downloading AdjTable
[101.141s] DEBUG:urllib3.connectionpool:Starting new HTTPS connection (1): fuel.ignitionrobotics.org:443
[103.418s] DEBUG:urllib3.connectionpool:https://fuel.ignitionrobotics.org:443 "GET /1.0/OpenRobotics/models/AdjTable/3/AdjTable.zip HTTP/1.1" 200 4100585
[116.715s] INFO:root:Sleeping for 5 second(s) between file downloads.
[116.715s] INFO:root:Downloading MopCart3
[116.718s] DEBUG:urllib3.connectionpool:Starting new HTTPS connection (1): fuel.ignitionrobotics.org:443
[118.950s] DEBUG:urllib3.connectionpool:https://fuel.ignitionrobotics.org:443 "GET /1.0/OpenRobotics/models/MopCart3/1/MopCart3.zip HTTP/1.1" 200 5787981
[149.437s] INFO:root:Sleeping for 5 second(s) between file downloads.
[149.437s] INFO:root:Downloading MaleVisitorSit
[149.441s] DEBUG:urllib3.connectionpool:Starting new HTTPS connection (1): fuel.ignitionrobotics.org:443
[151.999s] DEBUG:urllib3.connectionpool:https://fuel.ignitionrobotics.org:443 "GET /1.0/OpenRobotics/models/MaleVisitorSit/1/MaleVisitorSit.zip HTTP/1.1" 200 596416
[158.517s] INFO:root:Sleeping for 5 second(s) between file downloads.
[158.517s] INFO:root:Downloading Drawer
[158.520s] DEBUG:urllib3.connectionpool:Starting new HTTPS connection (1): fuel.ignitionrobotics.org:443
[162.067s] DEBUG:urllib3.connectionpool:https://fuel.ignitionrobotics.org:443 "GET /1.0/OpenRobotics/models/Drawer/1/Drawer.zip HTTP/1.1" 200 135520
[170.820s] INFO:root:Sleeping for 5 second(s) between file downloads.
[170.820s] INFO:root:Downloading OfficeChairBlack
[170.823s] DEBUG:urllib3.connectionpool:Starting new HTTPS connection (1): fuel.ignitionrobotics.org:443
[173.333s] DEBUG:urllib3.connectionpool:https://fuel.ignitionrobotics.org:443 "GET /1.0/OpenRobotics/models/OfficeChairBlack/1/OfficeChairBlack.zip HTTP/1.1" 200 793096
[184.943s] INFO:root:Sleeping for 5 second(s) between file downloads.
[184.943s] INFO:root:Downloading ElderLadyPatient
[184.946s] DEBUG:urllib3.connectionpool:Starting new HTTPS connection (1): fuel.ignitionrobotics.org:443
[187.160s] DEBUG:urllib3.connectionpool:https://fuel.ignitionrobotics.org:443 "GET /1.0/OpenRobotics/models/ElderLadyPatient/1/ElderLadyPatient.zip HTTP/1.1" 200 2731549
[196.178s] INFO:root:Sleeping for 5 second(s) between file downloads.
[196.179s] INFO:root:Downloading ElderMalePatient
[196.182s] DEBUG:urllib3.connectionpool:Starting new HTTPS connection (1): fuel.ignitionrobotics.org:443
[198.361s] DEBUG:urllib3.connectionpool:https://fuel.ignitionrobotics.org:443 "GET /1.0/OpenRobotics/models/ElderMalePatient/1/ElderMalePatient.zip HTTP/1.1" 200 2918271
[208.996s] INFO:root:Sleeping for 5 second(s) between file downloads.
[208.996s] INFO:root:Downloading InstrumentCart2
[208.999s] DEBUG:urllib3.connectionpool:Starting new HTTPS connection (1): fuel.ignitionrobotics.org:443
[211.473s] DEBUG:urllib3.connectionpool:https://fuel.ignitionrobotics.org:443 "GET /1.0/OpenRobotics/models/InstrumentCart2/1/InstrumentCart2.zip HTTP/1.1" 200 702606
[220.657s] INFO:root:Sleeping for 5 second(s) between file downloads.
[220.657s] INFO:root:Downloading MetalCabinet
[220.660s] DEBUG:urllib3.connectionpool:Starting new HTTPS connection (1): fuel.ignitionrobotics.org:443
[225.350s] DEBUG:urllib3.connectionpool:https://fuel.ignitionrobotics.org:443 "GET /1.0/OpenRobotics/models/MetalCabinet/1/MetalCabinet.zip HTTP/1.1" 200 29065
[231.193s] INFO:root:Sleeping for 5 second(s) between file downloads.
[231.193s] INFO:root:Downloading BedTable
[231.196s] DEBUG:urllib3.connectionpool:Starting new HTTPS connection (1): fuel.ignitionrobotics.org:443
[233.500s] DEBUG:urllib3.connectionpool:https://fuel.ignitionrobotics.org:443 "GET /1.0/OpenRobotics/models/BedTable/1/BedTable.zip HTTP/1.1" 200 1088303
[244.878s] INFO:root:Sleeping for 5 second(s) between file downloads.
[244.878s] INFO:root:Downloading BedsideTable
[244.882s] DEBUG:urllib3.connectionpool:Starting new HTTPS connection (1): fuel.ignitionrobotics.org:443
[247.393s] DEBUG:urllib3.connectionpool:https://fuel.ignitionrobotics.org:443 "GET /1.0/OpenRobotics/models/BedsideTable/1/BedsideTable.zip HTTP/1.1" 200 691910
[254.483s] INFO:root:Sleeping for 5 second(s) between file downloads.
[254.484s] INFO:root:Downloading AnesthesiaMachine
[254.487s] DEBUG:urllib3.connectionpool:Starting new HTTPS connection (1): fuel.ignitionrobotics.org:443
[256.478s] DEBUG:urllib3.connectionpool:https://fuel.ignitionrobotics.org:443 "GET /1.0/OpenRobotics/models/AnesthesiaMachine/1/AnesthesiaMachine.zip HTTP/1.1" 200 541299
[262.482s] INFO:root:Sleeping for 5 second(s) between file downloads.
[262.482s] INFO:root:Downloading TrolleyBedPatient
[262.483s] DEBUG:urllib3.connectionpool:Starting new HTTPS connection (1): fuel.ignitionrobotics.org:443
[264.841s] DEBUG:urllib3.connectionpool:https://fuel.ignitionrobotics.org:443 "GET /1.0/OpenRobotics/models/TrolleyBedPatient/2/TrolleyBedPatient.zip HTTP/1.1" 200 1479205
[274.807s] INFO:root:Sleeping for 5 second(s) between file downloads.
[274.807s] INFO:root:Downloading Shower
[274.810s] DEBUG:urllib3.connectionpool:Starting new HTTPS connection (1): fuel.ignitionrobotics.org:443
[277.247s] DEBUG:urllib3.connectionpool:https://fuel.ignitionrobotics.org:443 "GET /1.0/OpenRobotics/models/Shower/1/Shower.zip HTTP/1.1" 200 568856
[283.550s] INFO:root:Sleeping for 5 second(s) between file downloads.
[283.551s] INFO:root:Downloading SurgicalTrolleyMed
[283.554s] DEBUG:urllib3.connectionpool:Starting new HTTPS connection (1): fuel.ignitionrobotics.org:443
[286.351s] DEBUG:urllib3.connectionpool:https://fuel.ignitionrobotics.org:443 "GET /1.0/OpenRobotics/models/SurgicalTrolleyMed/1/SurgicalTrolleyMed.zip HTTP/1.1" 200 860176
[301.884s] INFO:root:Sleeping for 5 second(s) between file downloads.
[301.885s] INFO:root:Downloading StorageRackCovered
[301.888s] DEBUG:urllib3.connectionpool:Starting new HTTPS connection (1): fuel.ignitionrobotics.org:443
[304.274s] DEBUG:urllib3.connectionpool:https://fuel.ignitionrobotics.org:443 "GET /1.0/OpenRobotics/models/StorageRackCovered/1/StorageRackCovered.zip HTTP/1.1" 200 536807
[316.531s] INFO:root:Sleeping for 5 second(s) between file downloads.
[316.531s] INFO:root:Downloading KitchenSink
[316.534s] DEBUG:urllib3.connectionpool:Starting new HTTPS connection (1): fuel.ignitionrobotics.org:443
[319.249s] DEBUG:urllib3.connectionpool:https://fuel.ignitionrobotics.org:443 "GET /1.0/OpenRobotics/models/KitchenSink/1/KitchenSink.zip HTTP/1.1" 200 41731
[324.266s] INFO:root:Sleeping for 5 second(s) between file downloads.
[324.266s] INFO:root:Downloading Toilet
[324.269s] DEBUG:urllib3.connectionpool:Starting new HTTPS connection (1): fuel.ignitionrobotics.org:443
[326.775s] DEBUG:urllib3.connectionpool:https://fuel.ignitionrobotics.org:443 "GET /1.0/OpenRobotics/models/Toilet/1/Toilet.zip HTTP/1.1" 200 205503
[333.352s] INFO:root:Sleeping for 5 second(s) between file downloads.
[333.352s] INFO:root:Downloading VendingMachine
[333.355s] DEBUG:urllib3.connectionpool:Starting new HTTPS connection (1): fuel.ignitionrobotics.org:443
[335.655s] DEBUG:urllib3.connectionpool:https://fuel.ignitionrobotics.org:443 "GET /1.0/OpenRobotics/models/VendingMachine/2/VendingMachine.zip HTTP/1.1" 200 619550
[342.084s] Invoked command in '/home/minji/catkin_ws/src/aws-robomaker-hospital-world-ros1/build/aws_robomaker_hospital_world' returned '-2': /usr/bin/cmake /home/minji/catkin_ws/src/aws-robomaker-hospital-world-ros1 -DCATKIN_INSTALL_INTO_PREFIX_ROOT=0 -DCMAKE_INSTALL_PREFIX=/home/minji/catkin_ws/src/aws-robomaker-hospital-world-ros1/install/aws_robomaker_hospital_world
