[0.449s] DEBUG:colcon:Command line arguments: ['/home/minji/.local/bin/colcon', 'build']
[0.449s] DEBUG:colcon:Parsed command line arguments: Namespace(allow_overriding=[], ament_cmake_args=None, base_paths=['.'], build_base='build', catkin_cmake_args=None, catkin_skip_building_tests=False, cmake_args=None, cmake_clean_cache=False, cmake_clean_first=False, cmake_force_configure=False, cmake_target=None, cmake_target_skip_unavailable=False, continue_on_error=False, event_handlers=None, executor='parallel', ignore_user_meta=False, install_base='install', log_base=None, log_level=None, main=<bound method BuildVerb.main of <colcon_core.verb.build.BuildVerb object at 0x7f8ef43a4d60>>, merge_install=False, metas=['./colcon.meta'], packages_above=None, packages_above_and_dependencies=None, packages_above_depth=None, packages_end=None, packages_ignore=None, packages_ignore_regex=None, packages_select=None, packages_select_build_failed=False, packages_select_by_dep=None, packages_select_regex=None, packages_select_test_failures=False, packages_skip=None, packages_skip_build_finished=False, packages_skip_by_dep=None, packages_skip_regex=None, packages_skip_test_passed=False, packages_skip_up_to=None, packages_start=None, packages_up_to=None, packages_up_to_regex=None, parallel_workers=8, paths=None, symlink_install=False, test_result_base=None, verb_extension=<colcon_core.verb.build.BuildVerb object at 0x7f8ef43a4d60>, verb_name='build', verb_parser=<colcon_defaults.argument_parser.defaults.DefaultArgumentsDecorator object at 0x7f8ef374d5e0>)
[0.462s] Level 1:colcon.colcon_core.package_discovery:discover_packages(colcon_meta) check parameters
[0.462s] Level 1:colcon.colcon_core.package_discovery:discover_packages(recursive) check parameters
[0.462s] Level 1:colcon.colcon_core.package_discovery:discover_packages(ignore) check parameters
[0.462s] Level 1:colcon.colcon_core.package_discovery:discover_packages(path) check parameters
[0.462s] Level 1:colcon.colcon_core.package_discovery:discover_packages(colcon_meta) discover
[0.462s] Level 1:colcon.colcon_core.package_discovery:discover_packages(recursive) discover
[0.462s] INFO:colcon.colcon_core.package_discovery:Crawling recursively for packages in '/home/minji/catkin_ws/src/aws-robomaker-hospital-world-ros1'
[0.462s] Level 1:colcon.colcon_core.package_identification:_identify(.) by extensions ['ignore', 'ignore_ament_install']
[0.463s] Level 1:colcon.colcon_core.package_identification:_identify(.) by extension 'ignore'
[0.463s] Level 1:colcon.colcon_core.package_identification:_identify(.) by extension 'ignore_ament_install'
[0.463s] Level 1:colcon.colcon_core.package_identification:_identify(.) by extensions ['colcon_pkg']
[0.463s] Level 1:colcon.colcon_core.package_identification:_identify(.) by extension 'colcon_pkg'
[0.463s] Level 1:colcon.colcon_core.package_identification:_identify(.) by extensions ['colcon_meta']
[0.463s] Level 1:colcon.colcon_core.package_identification:_identify(.) by extension 'colcon_meta'
[0.463s] Level 1:colcon.colcon_core.package_identification:_identify(.) by extensions ['ros']
[0.463s] Level 1:colcon.colcon_core.package_identification:_identify(.) by extension 'ros'
[0.504s] DEBUG:colcon.colcon_core.package_identification:Package '.' with type 'ros.catkin' and name 'aws_robomaker_hospital_world'
[0.504s] Level 1:colcon.colcon_core.package_discovery:discover_packages(recursive) using defaults
[0.504s] Level 1:colcon.colcon_core.package_discovery:discover_packages(ignore) discover
[0.504s] Level 1:colcon.colcon_core.package_discovery:discover_packages(ignore) using defaults
[0.504s] Level 1:colcon.colcon_core.package_discovery:discover_packages(path) discover
[0.504s] Level 1:colcon.colcon_core.package_discovery:discover_packages(path) using defaults
[0.536s] Level 5:colcon.colcon_core.verb:set package 'aws_robomaker_hospital_world' build argument 'cmake_args' from command line to 'None'
[0.536s] Level 5:colcon.colcon_core.verb:set package 'aws_robomaker_hospital_world' build argument 'cmake_target' from command line to 'None'
[0.536s] Level 5:colcon.colcon_core.verb:set package 'aws_robomaker_hospital_world' build argument 'cmake_target_skip_unavailable' from command line to 'False'
[0.536s] Level 5:colcon.colcon_core.verb:set package 'aws_robomaker_hospital_world' build argument 'cmake_clean_cache' from command line to 'False'
[0.536s] Level 5:colcon.colcon_core.verb:set package 'aws_robomaker_hospital_world' build argument 'cmake_clean_first' from command line to 'False'
[0.536s] Level 5:colcon.colcon_core.verb:set package 'aws_robomaker_hospital_world' build argument 'cmake_force_configure' from command line to 'False'
[0.536s] Level 5:colcon.colcon_core.verb:set package 'aws_robomaker_hospital_world' build argument 'ament_cmake_args' from command line to 'None'
[0.536s] Level 5:colcon.colcon_core.verb:set package 'aws_robomaker_hospital_world' build argument 'catkin_cmake_args' from command line to 'None'
[0.536s] Level 5:colcon.colcon_core.verb:set package 'aws_robomaker_hospital_world' build argument 'catkin_skip_building_tests' from command line to 'False'
[0.536s] DEBUG:colcon.colcon_core.verb:Building package 'aws_robomaker_hospital_world' with the following arguments: {'ament_cmake_args': None, 'build_base': '/home/minji/catkin_ws/src/aws-robomaker-hospital-world-ros1/build/aws_robomaker_hospital_world', 'catkin_cmake_args': None, 'catkin_skip_building_tests': False, 'cmake_args': None, 'cmake_clean_cache': False, 'cmake_clean_first': False, 'cmake_force_configure': False, 'cmake_target': None, 'cmake_target_skip_unavailable': False, 'install_base': '/home/minji/catkin_ws/src/aws-robomaker-hospital-world-ros1/install/aws_robomaker_hospital_world', 'merge_install': False, 'path': '/home/minji/catkin_ws/src/aws-robomaker-hospital-world-ros1', 'symlink_install': False, 'test_result_base': None}
[0.544s] INFO:colcon.colcon_core.executor:Executing jobs using 'parallel' executor
[0.554s] DEBUG:colcon.colcon_parallel_executor.executor.parallel:run_until_complete
[0.554s] INFO:colcon.colcon_ros.task.catkin.build:Building ROS package in '/home/minji/catkin_ws/src/aws-robomaker-hospital-world-ros1' with build type 'catkin'
[0.554s] INFO:colcon.colcon_cmake.task.cmake.build:Building CMake package in '/home/minji/catkin_ws/src/aws-robomaker-hospital-world-ros1'
[0.561s] INFO:colcon.colcon_core.plugin_system:Skipping extension 'colcon_core.shell.bat': Not used on non-Windows systems
[0.562s] INFO:colcon.colcon_core.shell:Skip shell extension 'powershell' for command environment: Not usable outside of PowerShell
[0.562s] DEBUG:colcon.colcon_core.shell:Skip shell extension 'dsv' for command environment
[0.567s] DEBUG:colcon.colcon_core.shell:Ignoring prefix path '/opt/ros/noetic'
[0.576s] DEBUG:colcon.colcon_core.event_handler.log_command:Invoking command in '/home/minji/catkin_ws/src/aws-robomaker-hospital-world-ros1/build/aws_robomaker_hospital_world': /usr/bin/cmake --build /home/minji/catkin_ws/src/aws-robomaker-hospital-world-ros1/build/aws_robomaker_hospital_world -- -j8 -l8
[0.648s] DEBUG:colcon.colcon_core.event_handler.log_command:Invoked command in '/home/minji/catkin_ws/src/aws-robomaker-hospital-world-ros1/build/aws_robomaker_hospital_world' returned '0': /usr/bin/cmake --build /home/minji/catkin_ws/src/aws-robomaker-hospital-world-ros1/build/aws_robomaker_hospital_world -- -j8 -l8
[0.694s] DEBUG:colcon.colcon_core.event_handler.log_command:Invoking command in '/home/minji/catkin_ws/src/aws-robomaker-hospital-world-ros1/build/aws_robomaker_hospital_world': /usr/bin/cmake --build /home/minji/catkin_ws/src/aws-robomaker-hospital-world-ros1/build/aws_robomaker_hospital_world --target tests -- -j8 -l8
[0.766s] DEBUG:colcon.colcon_core.event_handler.log_command:Invoked command in '/home/minji/catkin_ws/src/aws-robomaker-hospital-world-ros1/build/aws_robomaker_hospital_world' returned '0': /usr/bin/cmake --build /home/minji/catkin_ws/src/aws-robomaker-hospital-world-ros1/build/aws_robomaker_hospital_world --target tests -- -j8 -l8
[0.823s] DEBUG:colcon.colcon_core.event_handler.log_command:Invoking command in '/home/minji/catkin_ws/src/aws-robomaker-hospital-world-ros1/build/aws_robomaker_hospital_world': /usr/bin/cmake --install /home/minji/catkin_ws/src/aws-robomaker-hospital-world-ros1/build/aws_robomaker_hospital_world
[0.890s] DEBUG:colcon.colcon_core.event_handler.log_command:Invoked command in '/home/minji/catkin_ws/src/aws-robomaker-hospital-world-ros1/build/aws_robomaker_hospital_world' returned '0': /usr/bin/cmake --install /home/minji/catkin_ws/src/aws-robomaker-hospital-world-ros1/build/aws_robomaker_hospital_world
[0.927s] Level 1:colcon.colcon_core.shell:create_environment_hook('aws_robomaker_hospital_world', 'ros_package_path')
[0.932s] INFO:colcon.colcon_core.shell:Creating environment hook '/home/minji/catkin_ws/src/aws-robomaker-hospital-world-ros1/install/aws_robomaker_hospital_world/share/aws_robomaker_hospital_world/hook/ros_package_path.ps1'
[0.933s] INFO:colcon.colcon_core.shell:Creating environment descriptor '/home/minji/catkin_ws/src/aws-robomaker-hospital-world-ros1/install/aws_robomaker_hospital_world/share/aws_robomaker_hospital_world/hook/ros_package_path.dsv'
[0.933s] INFO:colcon.colcon_core.shell:Creating environment hook '/home/minji/catkin_ws/src/aws-robomaker-hospital-world-ros1/install/aws_robomaker_hospital_world/share/aws_robomaker_hospital_world/hook/ros_package_path.sh'
[0.934s] Level 1:colcon.colcon_ros.task.catkin:checking '/home/minji/catkin_ws/src/aws-robomaker-hospital-world-ros1/install/aws_robomaker_hospital_world/lib/python3/dist-packages'
[0.934s] Level 1:colcon.colcon_core.shell:create_environment_hook('aws_robomaker_hospital_world', 'pkg_config_path')
[0.938s] INFO:colcon.colcon_core.shell:Creating environment hook '/home/minji/catkin_ws/src/aws-robomaker-hospital-world-ros1/install/aws_robomaker_hospital_world/share/aws_robomaker_hospital_world/hook/pkg_config_path.ps1'
[0.939s] INFO:colcon.colcon_core.shell:Creating environment descriptor '/home/minji/catkin_ws/src/aws-robomaker-hospital-world-ros1/install/aws_robomaker_hospital_world/share/aws_robomaker_hospital_world/hook/pkg_config_path.dsv'
[0.939s] INFO:colcon.colcon_core.shell:Creating environment hook '/home/minji/catkin_ws/src/aws-robomaker-hospital-world-ros1/install/aws_robomaker_hospital_world/share/aws_robomaker_hospital_world/hook/pkg_config_path.sh'
[0.945s] Level 1:colcon.colcon_core.shell:create_environment_hook('aws_robomaker_hospital_world', 'pkg_config_path_multiarch')
[0.950s] INFO:colcon.colcon_core.shell:Creating environment hook '/home/minji/catkin_ws/src/aws-robomaker-hospital-world-ros1/install/aws_robomaker_hospital_world/share/aws_robomaker_hospital_world/hook/pkg_config_path_multiarch.ps1'
[0.951s] INFO:colcon.colcon_core.shell:Creating environment descriptor '/home/minji/catkin_ws/src/aws-robomaker-hospital-world-ros1/install/aws_robomaker_hospital_world/share/aws_robomaker_hospital_world/hook/pkg_config_path_multiarch.dsv'
[0.951s] INFO:colcon.colcon_core.shell:Creating environment hook '/home/minji/catkin_ws/src/aws-robomaker-hospital-world-ros1/install/aws_robomaker_hospital_world/share/aws_robomaker_hospital_world/hook/pkg_config_path_multiarch.sh'
[0.956s] Level 1:colcon.colcon_core.environment:create_environment_scripts_only(aws_robomaker_hospital_world)
[0.965s] Level 1:colcon.colcon_core.environment:checking '/home/minji/catkin_ws/src/aws-robomaker-hospital-world-ros1/install/aws_robomaker_hospital_world' for CMake module files
[0.965s] Level 1:colcon.colcon_core.environment:checking '/home/minji/catkin_ws/src/aws-robomaker-hospital-world-ros1/install/aws_robomaker_hospital_world' for CMake config files
[0.969s] Level 1:colcon.colcon_core.shell:create_environment_hook('aws_robomaker_hospital_world', 'cmake_prefix_path')
[0.973s] INFO:colcon.colcon_core.shell:Creating environment hook '/home/minji/catkin_ws/src/aws-robomaker-hospital-world-ros1/install/aws_robomaker_hospital_world/share/aws_robomaker_hospital_world/hook/cmake_prefix_path.ps1'
[0.974s] INFO:colcon.colcon_core.shell:Creating environment descriptor '/home/minji/catkin_ws/src/aws-robomaker-hospital-world-ros1/install/aws_robomaker_hospital_world/share/aws_robomaker_hospital_world/hook/cmake_prefix_path.dsv'
[0.974s] INFO:colcon.colcon_core.shell:Creating environment hook '/home/minji/catkin_ws/src/aws-robomaker-hospital-world-ros1/install/aws_robomaker_hospital_world/share/aws_robomaker_hospital_world/hook/cmake_prefix_path.sh'
[0.975s] Level 1:colcon.colcon_core.environment:checking '/home/minji/catkin_ws/src/aws-robomaker-hospital-world-ros1/install/aws_robomaker_hospital_world/lib'
[0.975s] Level 1:colcon.colcon_core.environment:checking '/home/minji/catkin_ws/src/aws-robomaker-hospital-world-ros1/install/aws_robomaker_hospital_world/bin'
[0.975s] Level 1:colcon.colcon_core.environment:checking '/home/minji/catkin_ws/src/aws-robomaker-hospital-world-ros1/install/aws_robomaker_hospital_world/lib/pkgconfig/aws_robomaker_hospital_world.pc'
[0.975s] Level 1:colcon.colcon_core.shell:create_environment_hook('aws_robomaker_hospital_world', 'pkg_config')
[0.979s] INFO:colcon.colcon_core.shell:Creating environment hook '/home/minji/catkin_ws/src/aws-robomaker-hospital-world-ros1/install/aws_robomaker_hospital_world/share/aws_robomaker_hospital_world/hook/pkg_config.ps1'
[0.979s] INFO:colcon.colcon_core.shell:Creating environment descriptor '/home/minji/catkin_ws/src/aws-robomaker-hospital-world-ros1/install/aws_robomaker_hospital_world/share/aws_robomaker_hospital_world/hook/pkg_config.dsv'
[0.979s] INFO:colcon.colcon_core.shell:Creating environment hook '/home/minji/catkin_ws/src/aws-robomaker-hospital-world-ros1/install/aws_robomaker_hospital_world/share/aws_robomaker_hospital_world/hook/pkg_config.sh'
[0.980s] Level 1:colcon.colcon_core.environment:checking '/home/minji/catkin_ws/src/aws-robomaker-hospital-world-ros1/install/aws_robomaker_hospital_world/lib/python3.8/site-packages'
[0.985s] INFO:colcon.colcon_core.shell:Creating package script '/home/minji/catkin_ws/src/aws-robomaker-hospital-world-ros1/install/aws_robomaker_hospital_world/share/aws_robomaker_hospital_world/package.ps1'
[0.986s] INFO:colcon.colcon_core.shell:Creating package descriptor '/home/minji/catkin_ws/src/aws-robomaker-hospital-world-ros1/install/aws_robomaker_hospital_world/share/aws_robomaker_hospital_world/package.dsv'
[0.987s] INFO:colcon.colcon_core.shell:Creating package script '/home/minji/catkin_ws/src/aws-robomaker-hospital-world-ros1/install/aws_robomaker_hospital_world/share/aws_robomaker_hospital_world/package.sh'
[0.988s] INFO:colcon.colcon_core.shell:Creating package script '/home/minji/catkin_ws/src/aws-robomaker-hospital-world-ros1/install/aws_robomaker_hospital_world/share/aws_robomaker_hospital_world/package.bash'
[0.988s] INFO:colcon.colcon_core.shell:Creating package script '/home/minji/catkin_ws/src/aws-robomaker-hospital-world-ros1/install/aws_robomaker_hospital_world/share/aws_robomaker_hospital_world/package.zsh'
[0.989s] Level 1:colcon.colcon_core.environment:create_file_with_runtime_dependencies(/home/minji/catkin_ws/src/aws-robomaker-hospital-world-ros1/install/aws_robomaker_hospital_world/share/colcon-core/packages/aws_robomaker_hospital_world)
[0.989s] DEBUG:colcon.colcon_parallel_executor.executor.parallel:closing loop
[0.990s] DEBUG:colcon.colcon_parallel_executor.executor.parallel:loop closed
[0.990s] DEBUG:colcon.colcon_parallel_executor.executor.parallel:run_until_complete finished with '0'
[0.990s] DEBUG:colcon.colcon_core.event_reactor:joining thread
[0.998s] INFO:colcon.colcon_core.plugin_system:Skipping extension 'colcon_notification.desktop_notification.terminal_notifier': Not used on non-Darwin systems
[0.998s] INFO:colcon.colcon_core.plugin_system:Skipping extension 'colcon_notification.desktop_notification.win32': Not used on non-Windows systems
[0.998s] INFO:colcon.colcon_notification.desktop_notification:Sending desktop notification using 'notify2'
[1.023s] DEBUG:colcon.colcon_core.event_reactor:joined thread
[1.029s] INFO:colcon.colcon_core.shell:Creating prefix script '/home/minji/catkin_ws/src/aws-robomaker-hospital-world-ros1/install/local_setup.ps1'
[1.030s] INFO:colcon.colcon_core.shell:Creating prefix util module '/home/minji/catkin_ws/src/aws-robomaker-hospital-world-ros1/install/_local_setup_util_ps1.py'
[1.031s] INFO:colcon.colcon_core.shell:Creating prefix chain script '/home/minji/catkin_ws/src/aws-robomaker-hospital-world-ros1/install/setup.ps1'
[1.036s] INFO:colcon.colcon_core.shell:Creating prefix script '/home/minji/catkin_ws/src/aws-robomaker-hospital-world-ros1/install/local_setup.sh'
[1.036s] INFO:colcon.colcon_core.shell:Creating prefix util module '/home/minji/catkin_ws/src/aws-robomaker-hospital-world-ros1/install/_local_setup_util_sh.py'
[1.037s] INFO:colcon.colcon_core.shell:Creating prefix chain script '/home/minji/catkin_ws/src/aws-robomaker-hospital-world-ros1/install/setup.sh'
[1.040s] INFO:colcon.colcon_core.shell:Creating prefix script '/home/minji/catkin_ws/src/aws-robomaker-hospital-world-ros1/install/local_setup.bash'
[1.041s] INFO:colcon.colcon_core.shell:Creating prefix chain script '/home/minji/catkin_ws/src/aws-robomaker-hospital-world-ros1/install/setup.bash'
[1.044s] INFO:colcon.colcon_core.shell:Creating prefix script '/home/minji/catkin_ws/src/aws-robomaker-hospital-world-ros1/install/local_setup.zsh'
[1.045s] INFO:colcon.colcon_core.shell:Creating prefix chain script '/home/minji/catkin_ws/src/aws-robomaker-hospital-world-ros1/install/setup.zsh'
