[0.023s] Invoking command in '/home/minji/catkin_ws/src/aws-robomaker-hospital-world-ros1/build/aws_robomaker_hospital_world': /usr/bin/cmake /home/minji/catkin_ws/src/aws-robomaker-hospital-world-ros1 -DCATKIN_INSTALL_INTO_PREFIX_ROOT=0 -DCMAKE_INSTALL_PREFIX=/home/minji/catkin_ws/src/aws-robomaker-hospital-world-ros1/install/aws_robomaker_hospital_world
[0.072s] -- The C compiler identification is GNU 9.3.0
[0.120s] -- The CXX compiler identification is GNU 9.3.0
[0.125s] -- Check for working C compiler: /usr/bin/cc
[0.178s] -- Check for working C compiler: /usr/bin/cc -- works
[0.179s] -- Detecting C compiler ABI info
[0.230s] -- Detecting C compiler ABI info - done
[0.239s] -- Detecting C compile features
[0.240s] -- Detecting C compile features - done
[0.242s] -- Check for working CXX compiler: /usr/bin/c++
[0.300s] -- Check for working CXX compiler: /usr/bin/c++ -- works
[0.301s] -- Detecting CXX compiler ABI info
[0.359s] -- Detecting CXX compiler ABI info - done
[0.368s] -- Detecting CXX compile features
[0.369s] -- Detecting CXX compile features - done
[0.370s] -- Using CATKIN_DEVEL_PREFIX: /home/minji/catkin_ws/src/aws-robomaker-hospital-world-ros1/build/aws_robomaker_hospital_world/devel
[0.370s] -- Using CMAKE_PREFIX_PATH: /home/minji/catkin_ws/devel;/opt/ros/noetic
[0.370s] -- This workspace overlays: /home/minji/catkin_ws/devel;/opt/ros/noetic
[0.390s] -- Found PythonInterp: /usr/bin/python3 (found suitable version "3.8.10", minimum required is "3") 
[0.390s] -- Using PYTHON_EXECUTABLE: /usr/bin/python3
[0.390s] -- Using Debian Python package layout
[0.414s] -- Found PY_em: /usr/lib/python3/dist-packages/em.py  
[0.414s] -- Using empy: /usr/lib/python3/dist-packages/em.py
[0.505s] -- Using CATKIN_ENABLE_TESTING: ON
[0.505s] -- Call enable_testing()
[0.507s] -- Using CATKIN_TEST_RESULTS_DIR: /home/minji/catkin_ws/src/aws-robomaker-hospital-world-ros1/build/aws_robomaker_hospital_world/test_results
[0.729s] -- Forcing gtest/gmock from source, though one was otherwise available.
[0.729s] -- Found gtest sources under '/usr/src/googletest': gtests will be built
[0.730s] -- Found gmock sources under '/usr/src/googletest': gmock will be built
[0.757s] -- Found PythonInterp: /usr/bin/python3 (found version "3.8.10") 
[0.759s] -- Found Threads: TRUE  
[0.762s] -- Using Python nosetests: /usr/bin/nosetests3
[0.843s] -- catkin 0.8.10
[0.843s] -- BUILD_SHARED_LIBS is on
[1.018s] -- Using these message generators: gencpp;geneus;genlisp;gennodejs;genpy
[1.111s] running python3 -m pip install -r /home/minji/catkin_ws/src/aws-robomaker-hospital-world-ros1/requirements.txt 2>&1
[1.357s] Defaulting to user installation because normal site-packages is not writeable
[1.413s] Requirement already satisfied: docopt>=0.6.2 in /home/minji/.local/lib/python3.8/site-packages (from -r /home/minji/catkin_ws/src/aws-robomaker-hospital-world-ros1/requirements.txt (line 1)) (0.6.2)
[1.414s] Requirement already satisfied: requests in /home/minji/.local/lib/python3.8/site-packages (from -r /home/minji/catkin_ws/src/aws-robomaker-hospital-world-ros1/requirements.txt (line 2)) (2.26.0)
[1.414s] Requirement already satisfied: lxml in /home/minji/.local/lib/python3.8/site-packages (from -r /home/minji/catkin_ws/src/aws-robomaker-hospital-world-ros1/requirements.txt (line 3)) (4.7.1)
[1.433s] Requirement already satisfied: charset-normalizer~=2.0.0 in /home/minji/.local/lib/python3.8/site-packages (from requests->-r /home/minji/catkin_ws/src/aws-robomaker-hospital-world-ros1/requirements.txt (line 2)) (2.0.9)
[1.433s] Requirement already satisfied: urllib3<1.27,>=1.21.1 in /usr/lib/python3/dist-packages (from requests->-r /home/minji/catkin_ws/src/aws-robomaker-hospital-world-ros1/requirements.txt (line 2)) (1.25.8)
[1.434s] Requirement already satisfied: idna<4,>=2.5 in /usr/lib/python3/dist-packages (from requests->-r /home/minji/catkin_ws/src/aws-robomaker-hospital-world-ros1/requirements.txt (line 2)) (2.8)
[1.434s] Requirement already satisfied: certifi>=2017.4.17 in /usr/lib/python3/dist-packages (from requests->-r /home/minji/catkin_ws/src/aws-robomaker-hospital-world-ros1/requirements.txt (line 2)) (2019.11.28)
[1.867s] running python3 /home/minji/catkin_ws/src/aws-robomaker-hospital-world-ros1/fuel_utility.py download -m XRayMachine -m IVStand -m BloodPressureMonitor -m BPCart -m BMWCart -m CGMClassic -m StorageRack -m Chair -m InstrumentCart1 -m Scrubs -m PatientWheelChair -m WhiteChipChair -m TrolleyBed -m SurgicalTrolley -m PotatoChipChair -m VisitorKidSit -m FemaleVisitorSit -m AdjTable -m MopCart3 -m MaleVisitorSit -m Drawer -m OfficeChairBlack -m ElderLadyPatient -m ElderMalePatient -m InstrumentCart2 -m MetalCabinet -m BedTable -m BedsideTable -m AnesthesiaMachine -m TrolleyBedPatient -m Shower -m SurgicalTrolleyMed -m StorageRackCovered -m KitchenSink -m Toilet -m VendingMachine -m ParkingTrolleyMin -m PatientFSit -m MaleVisitorOnPhone -m FemaleVisitor -m MalePatientBed -m StorageRackCoverOpen -m ParkingTrolleyMax -d /home/minji/catkin_ws/src/aws-robomaker-hospital-world-ros1/fuel_models --verbose 2>&1
[1.936s] DEBUG:root:Arguments provided: {"download": true, "--query": null, "--model": ["XRayMachine", "IVStand", "BloodPressureMonitor", "BPCart", "BMWCart", "CGMClassic", "StorageRack", "Chair", "InstrumentCart1", "Scrubs", "PatientWheelChair", "WhiteChipChair", "TrolleyBed", "SurgicalTrolley", "PotatoChipChair", "VisitorKidSit", "FemaleVisitorSit", "AdjTable", "MopCart3", "MaleVisitorSit", "Drawer", "OfficeChairBlack", "ElderLadyPatient", "ElderMalePatient", "InstrumentCart2", "MetalCabinet", "BedTable", "BedsideTable", "AnesthesiaMachine", "TrolleyBedPatient", "Shower", "SurgicalTrolleyMed", "StorageRackCovered", "KitchenSink", "Toilet", "VendingMachine", "ParkingTrolleyMin", "PatientFSit", "MaleVisitorOnPhone", "FemaleVisitor", "MalePatientBed", "StorageRackCoverOpen", "ParkingTrolleyMax"], "--version": 0, "-,": false, "--verbose": true, "--destination": "/home/minji/catkin_ws/src/aws-robomaker-hospital-world-ros1/fuel_models"}
[1.937s] INFO:root:Starting fuel models..
[1.937s] INFO:root:Fetching model XRayMachine.
[1.938s] DEBUG:urllib3.connectionpool:Starting new HTTPS connection (1): fuel.ignitionrobotics.org:443
[3.113s] DEBUG:urllib3.connectionpool:https://fuel.ignitionrobotics.org:443 "GET /1.0/OpenRobotics/models/XRayMachine HTTP/1.1" 200 390
[3.115s] INFO:root:Fetching model IVStand.
[3.117s] DEBUG:urllib3.connectionpool:Starting new HTTPS connection (1): fuel.ignitionrobotics.org:443
[4.187s] DEBUG:urllib3.connectionpool:https://fuel.ignitionrobotics.org:443 "GET /1.0/OpenRobotics/models/IVStand HTTP/1.1" 200 380
[4.189s] INFO:root:Fetching model BloodPressureMonitor.
[4.192s] DEBUG:urllib3.connectionpool:Starting new HTTPS connection (1): fuel.ignitionrobotics.org:443
[5.154s] DEBUG:urllib3.connectionpool:https://fuel.ignitionrobotics.org:443 "GET /1.0/OpenRobotics/models/BloodPressureMonitor HTTP/1.1" 200 393
[5.156s] INFO:root:Fetching model BPCart.
[5.160s] DEBUG:urllib3.connectionpool:Starting new HTTPS connection (1): fuel.ignitionrobotics.org:443
[6.195s] DEBUG:urllib3.connectionpool:https://fuel.ignitionrobotics.org:443 "GET /1.0/OpenRobotics/models/BPCart HTTP/1.1" 200 379
[6.197s] INFO:root:Fetching model BMWCart.
[6.199s] DEBUG:urllib3.connectionpool:Starting new HTTPS connection (1): fuel.ignitionrobotics.org:443
[7.181s] DEBUG:urllib3.connectionpool:https://fuel.ignitionrobotics.org:443 "GET /1.0/OpenRobotics/models/BMWCart HTTP/1.1" 200 363
[7.183s] INFO:root:Fetching model CGMClassic.
[7.185s] DEBUG:urllib3.connectionpool:Starting new HTTPS connection (1): fuel.ignitionrobotics.org:443
[8.282s] DEBUG:urllib3.connectionpool:https://fuel.ignitionrobotics.org:443 "GET /1.0/OpenRobotics/models/CGMClassic HTTP/1.1" 200 373
[8.284s] INFO:root:Fetching model StorageRack.
[8.287s] DEBUG:urllib3.connectionpool:Starting new HTTPS connection (1): fuel.ignitionrobotics.org:443
[9.404s] DEBUG:urllib3.connectionpool:https://fuel.ignitionrobotics.org:443 "GET /1.0/OpenRobotics/models/StorageRack HTTP/1.1" 200 370
[9.406s] INFO:root:Fetching model Chair.
[9.409s] DEBUG:urllib3.connectionpool:Starting new HTTPS connection (1): fuel.ignitionrobotics.org:443
[10.579s] DEBUG:urllib3.connectionpool:https://fuel.ignitionrobotics.org:443 "GET /1.0/OpenRobotics/models/Chair HTTP/1.1" 200 363
[10.581s] INFO:root:Fetching model InstrumentCart1.
[10.584s] DEBUG:urllib3.connectionpool:Starting new HTTPS connection (1): fuel.ignitionrobotics.org:443
[11.727s] DEBUG:urllib3.connectionpool:https://fuel.ignitionrobotics.org:443 "GET /1.0/OpenRobotics/models/InstrumentCart1 HTTP/1.1" 200 362
[11.729s] INFO:root:Fetching model Scrubs.
[11.732s] DEBUG:urllib3.connectionpool:Starting new HTTPS connection (1): fuel.ignitionrobotics.org:443
[12.829s] DEBUG:urllib3.connectionpool:https://fuel.ignitionrobotics.org:443 "GET /1.0/OpenRobotics/models/Scrubs HTTP/1.1" 200 355
[12.831s] INFO:root:Fetching model PatientWheelChair.
[12.834s] DEBUG:urllib3.connectionpool:Starting new HTTPS connection (1): fuel.ignitionrobotics.org:443
[14.026s] DEBUG:urllib3.connectionpool:https://fuel.ignitionrobotics.org:443 "GET /1.0/OpenRobotics/models/PatientWheelChair HTTP/1.1" 200 402
[14.028s] INFO:root:Fetching model WhiteChipChair.
[14.030s] DEBUG:urllib3.connectionpool:Starting new HTTPS connection (1): fuel.ignitionrobotics.org:443
[15.383s] DEBUG:urllib3.connectionpool:https://fuel.ignitionrobotics.org:443 "GET /1.0/OpenRobotics/models/WhiteChipChair HTTP/1.1" 200 393
[15.385s] INFO:root:Fetching model TrolleyBed.
[15.388s] DEBUG:urllib3.connectionpool:Starting new HTTPS connection (1): fuel.ignitionrobotics.org:443
[16.406s] DEBUG:urllib3.connectionpool:https://fuel.ignitionrobotics.org:443 "GET /1.0/OpenRobotics/models/TrolleyBed HTTP/1.1" 200 396
[16.408s] INFO:root:Fetching model SurgicalTrolley.
[16.410s] DEBUG:urllib3.connectionpool:Starting new HTTPS connection (1): fuel.ignitionrobotics.org:443
[17.470s] DEBUG:urllib3.connectionpool:https://fuel.ignitionrobotics.org:443 "GET /1.0/OpenRobotics/models/SurgicalTrolley HTTP/1.1" 200 368
[17.472s] INFO:root:Fetching model PotatoChipChair.
[17.474s] DEBUG:urllib3.connectionpool:Starting new HTTPS connection (1): fuel.ignitionrobotics.org:443
[18.489s] DEBUG:urllib3.connectionpool:https://fuel.ignitionrobotics.org:443 "GET /1.0/OpenRobotics/models/PotatoChipChair HTTP/1.1" 200 395
[18.491s] INFO:root:Fetching model VisitorKidSit.
[18.492s] DEBUG:urllib3.connectionpool:Starting new HTTPS connection (1): fuel.ignitionrobotics.org:443
[19.559s] DEBUG:urllib3.connectionpool:https://fuel.ignitionrobotics.org:443 "GET /1.0/OpenRobotics/models/VisitorKidSit HTTP/1.1" 200 363
[19.561s] INFO:root:Fetching model FemaleVisitorSit.
[19.562s] DEBUG:urllib3.connectionpool:Starting new HTTPS connection (1): fuel.ignitionrobotics.org:443
[20.599s] DEBUG:urllib3.connectionpool:https://fuel.ignitionrobotics.org:443 "GET /1.0/OpenRobotics/models/FemaleVisitorSit HTTP/1.1" 200 365
[20.601s] INFO:root:Fetching model AdjTable.
[20.604s] DEBUG:urllib3.connectionpool:Starting new HTTPS connection (1): fuel.ignitionrobotics.org:443
[21.475s] DEBUG:urllib3.connectionpool:https://fuel.ignitionrobotics.org:443 "GET /1.0/OpenRobotics/models/AdjTable HTTP/1.1" 200 376
[21.477s] INFO:root:Fetching model MopCart3.
[21.480s] DEBUG:urllib3.connectionpool:Starting new HTTPS connection (1): fuel.ignitionrobotics.org:443
[22.394s] DEBUG:urllib3.connectionpool:https://fuel.ignitionrobotics.org:443 "GET /1.0/OpenRobotics/models/MopCart3 HTTP/1.1" 200 359
[22.396s] INFO:root:Fetching model MaleVisitorSit.
[22.399s] DEBUG:urllib3.connectionpool:Starting new HTTPS connection (1): fuel.ignitionrobotics.org:443
[23.302s] DEBUG:urllib3.connectionpool:https://fuel.ignitionrobotics.org:443 "GET /1.0/OpenRobotics/models/MaleVisitorSit HTTP/1.1" 200 363
[23.304s] INFO:root:Fetching model Drawer.
[23.307s] DEBUG:urllib3.connectionpool:Starting new HTTPS connection (1): fuel.ignitionrobotics.org:443
[24.193s] DEBUG:urllib3.connectionpool:https://fuel.ignitionrobotics.org:443 "GET /1.0/OpenRobotics/models/Drawer HTTP/1.1" 200 364
[24.195s] INFO:root:Fetching model OfficeChairBlack.
[24.197s] DEBUG:urllib3.connectionpool:Starting new HTTPS connection (1): fuel.ignitionrobotics.org:443
[25.108s] DEBUG:urllib3.connectionpool:https://fuel.ignitionrobotics.org:443 "GET /1.0/OpenRobotics/models/OfficeChairBlack HTTP/1.1" 200 371
[25.110s] INFO:root:Fetching model ElderLadyPatient.
[25.113s] DEBUG:urllib3.connectionpool:Starting new HTTPS connection (1): fuel.ignitionrobotics.org:443
[26.487s] DEBUG:urllib3.connectionpool:https://fuel.ignitionrobotics.org:443 "GET /1.0/OpenRobotics/models/ElderLadyPatient HTTP/1.1" 200 365
[26.489s] INFO:root:Fetching model ElderMalePatient.
[26.490s] DEBUG:urllib3.connectionpool:Starting new HTTPS connection (1): fuel.ignitionrobotics.org:443
[27.495s] DEBUG:urllib3.connectionpool:https://fuel.ignitionrobotics.org:443 "GET /1.0/OpenRobotics/models/ElderMalePatient HTTP/1.1" 200 364
[27.497s] INFO:root:Fetching model InstrumentCart2.
[27.500s] DEBUG:urllib3.connectionpool:Starting new HTTPS connection (1): fuel.ignitionrobotics.org:443
[28.403s] DEBUG:urllib3.connectionpool:https://fuel.ignitionrobotics.org:443 "GET /1.0/OpenRobotics/models/InstrumentCart2 HTTP/1.1" 200 360
[28.405s] INFO:root:Fetching model MetalCabinet.
[28.408s] DEBUG:urllib3.connectionpool:Starting new HTTPS connection (1): fuel.ignitionrobotics.org:443
[29.335s] DEBUG:urllib3.connectionpool:https://fuel.ignitionrobotics.org:443 "GET /1.0/OpenRobotics/models/MetalCabinet HTTP/1.1" 200 367
[29.337s] INFO:root:Fetching model BedTable.
[29.340s] DEBUG:urllib3.connectionpool:Starting new HTTPS connection (1): fuel.ignitionrobotics.org:443
[30.248s] DEBUG:urllib3.connectionpool:https://fuel.ignitionrobotics.org:443 "GET /1.0/OpenRobotics/models/BedTable HTTP/1.1" 200 368
[30.250s] INFO:root:Fetching model BedsideTable.
[30.252s] DEBUG:urllib3.connectionpool:Starting new HTTPS connection (1): fuel.ignitionrobotics.org:443
[31.165s] DEBUG:urllib3.connectionpool:https://fuel.ignitionrobotics.org:443 "GET /1.0/OpenRobotics/models/BedsideTable HTTP/1.1" 200 368
[31.167s] INFO:root:Fetching model AnesthesiaMachine.
[31.171s] DEBUG:urllib3.connectionpool:Starting new HTTPS connection (1): fuel.ignitionrobotics.org:443
[32.405s] DEBUG:urllib3.connectionpool:https://fuel.ignitionrobotics.org:443 "GET /1.0/OpenRobotics/models/AnesthesiaMachine HTTP/1.1" 200 366
[32.407s] INFO:root:Fetching model TrolleyBedPatient.
[32.410s] DEBUG:urllib3.connectionpool:Starting new HTTPS connection (1): fuel.ignitionrobotics.org:443
[33.544s] DEBUG:urllib3.connectionpool:https://fuel.ignitionrobotics.org:443 "GET /1.0/OpenRobotics/models/TrolleyBedPatient HTTP/1.1" 200 395
[33.545s] INFO:root:Fetching model Shower.
[33.548s] DEBUG:urllib3.connectionpool:Starting new HTTPS connection (1): fuel.ignitionrobotics.org:443
[35.494s] DEBUG:urllib3.connectionpool:https://fuel.ignitionrobotics.org:443 "GET /1.0/OpenRobotics/models/Shower HTTP/1.1" 200 366
[35.496s] INFO:root:Fetching model SurgicalTrolleyMed.
[35.497s] DEBUG:urllib3.connectionpool:Starting new HTTPS connection (1): fuel.ignitionrobotics.org:443
[36.792s] DEBUG:urllib3.connectionpool:https://fuel.ignitionrobotics.org:443 "GET /1.0/OpenRobotics/models/SurgicalTrolleyMed HTTP/1.1" 200 368
[36.794s] INFO:root:Fetching model StorageRackCovered.
[36.796s] DEBUG:urllib3.connectionpool:Starting new HTTPS connection (1): fuel.ignitionrobotics.org:443
[37.891s] DEBUG:urllib3.connectionpool:https://fuel.ignitionrobotics.org:443 "GET /1.0/OpenRobotics/models/StorageRackCovered HTTP/1.1" 200 371
[37.893s] INFO:root:Fetching model KitchenSink.
[37.895s] DEBUG:urllib3.connectionpool:Starting new HTTPS connection (1): fuel.ignitionrobotics.org:443
[38.882s] DEBUG:urllib3.connectionpool:https://fuel.ignitionrobotics.org:443 "GET /1.0/OpenRobotics/models/KitchenSink HTTP/1.1" 200 374
[38.884s] INFO:root:Fetching model Toilet.
[38.887s] DEBUG:urllib3.connectionpool:Starting new HTTPS connection (1): fuel.ignitionrobotics.org:443
[40.140s] DEBUG:urllib3.connectionpool:https://fuel.ignitionrobotics.org:443 "GET /1.0/OpenRobotics/models/Toilet HTTP/1.1" 200 363
[40.142s] INFO:root:Fetching model VendingMachine.
[40.145s] DEBUG:urllib3.connectionpool:Starting new HTTPS connection (1): fuel.ignitionrobotics.org:443
[41.180s] DEBUG:urllib3.connectionpool:https://fuel.ignitionrobotics.org:443 "GET /1.0/OpenRobotics/models/VendingMachine HTTP/1.1" 200 375
[41.182s] INFO:root:Fetching model ParkingTrolleyMin.
[41.185s] DEBUG:urllib3.connectionpool:Starting new HTTPS connection (1): fuel.ignitionrobotics.org:443
[42.330s] DEBUG:urllib3.connectionpool:https://fuel.ignitionrobotics.org:443 "GET /1.0/OpenRobotics/models/ParkingTrolleyMin HTTP/1.1" 200 416
[42.332s] INFO:root:Fetching model PatientFSit.
[42.335s] DEBUG:urllib3.connectionpool:Starting new HTTPS connection (1): fuel.ignitionrobotics.org:443
[43.479s] DEBUG:urllib3.connectionpool:https://fuel.ignitionrobotics.org:443 "GET /1.0/OpenRobotics/models/PatientFSit HTTP/1.1" 200 361
[43.481s] INFO:root:Fetching model MaleVisitorOnPhone.
[43.484s] DEBUG:urllib3.connectionpool:Starting new HTTPS connection (1): fuel.ignitionrobotics.org:443
[44.585s] DEBUG:urllib3.connectionpool:https://fuel.ignitionrobotics.org:443 "GET /1.0/OpenRobotics/models/MaleVisitorOnPhone HTTP/1.1" 200 383
[44.587s] INFO:root:Fetching model FemaleVisitor.
[44.590s] DEBUG:urllib3.connectionpool:Starting new HTTPS connection (1): fuel.ignitionrobotics.org:443
[45.723s] DEBUG:urllib3.connectionpool:https://fuel.ignitionrobotics.org:443 "GET /1.0/OpenRobotics/models/FemaleVisitor HTTP/1.1" 200 362
[45.725s] INFO:root:Fetching model MalePatientBed.
[45.728s] DEBUG:urllib3.connectionpool:Starting new HTTPS connection (1): fuel.ignitionrobotics.org:443
[46.705s] DEBUG:urllib3.connectionpool:https://fuel.ignitionrobotics.org:443 "GET /1.0/OpenRobotics/models/MalePatientBed HTTP/1.1" 200 363
[46.707s] INFO:root:Fetching model StorageRackCoverOpen.
[46.710s] DEBUG:urllib3.connectionpool:Starting new HTTPS connection (1): fuel.ignitionrobotics.org:443
[47.590s] DEBUG:urllib3.connectionpool:https://fuel.ignitionrobotics.org:443 "GET /1.0/OpenRobotics/models/StorageRackCoverOpen HTTP/1.1" 200 381
[47.592s] INFO:root:Fetching model ParkingTrolleyMax.
[47.595s] DEBUG:urllib3.connectionpool:Starting new HTTPS connection (1): fuel.ignitionrobotics.org:443
[48.466s] DEBUG:urllib3.connectionpool:https://fuel.ignitionrobotics.org:443 "GET /1.0/OpenRobotics/models/ParkingTrolleyMax HTTP/1.1" 200 417
[48.470s] DEBUG:root:Complete model list: [{'createdAt': '2020-08-06T11:41:57Z', 'updatedAt': '2022-01-09T08:22:42Z', 'name': 'XRayMachine', 'owner': 'OpenRobotics', 'description': '', 'likes': 0, 'downloads': 1716, 'filesize': 345665, 'upload_date': '2020-08-06T11:41:56Z', 'modify_date': '2020-08-06T11:41:56Z', 'license_id': 2, 'license_name': 'Creative Commons Attribution 4.0 International', 'license_url': 'http://creativecommons.org/licenses/by/4.0/', 'license_image': 'https://i.creativecommons.org/l/by/4.0/88x31.png', 'permission': 0, 'url_name': '', 'thumbnail_url': '/OpenRobotics/models/XRayMachine/tip/files/thumbnails/1.png', 'version': 1, 'private': False, 'tags': ['xray', 'machine', 'xraymachine'], 'categories': ['Electronics', 'Appliance']}, {'createdAt': '2020-08-06T11:26:29Z', 'updatedAt': '2022-01-09T08:23:29Z', 'name': 'IVStand', 'owner': 'OpenRobotics', 'description': '', 'likes': 0, 'downloads': 4946, 'filesize': 774855, 'upload_date': '2020-08-06T11:26:28Z', 'modify_date': '2020-08-06T11:47:42Z', 'license_id': 2, 'license_name': 'Creative Commons Attribution 4.0 International', 'license_url': 'http://creativecommons.org/licenses/by/4.0/', 'license_image': 'https://i.creativecommons.org/l/by/4.0/88x31.png', 'permission': 0, 'url_name': '', 'thumbnail_url': '/OpenRobotics/models/IVStand/tip/files/thumbnails/1.png', 'version': 1, 'private': False, 'tags': ['stand', 'IV', 'IVStand'], 'categories': ['Appliance']}, {'createdAt': '2020-08-06T11:21:27Z', 'updatedAt': '2022-01-09T08:23:00Z', 'name': 'BloodPressureMonitor', 'owner': 'OpenRobotics', 'description': '', 'likes': 0, 'downloads': 1704, 'filesize': 237020, 'upload_date': '2020-08-06T11:21:26Z', 'modify_date': '2020-08-06T11:49:48Z', 'license_id': 2, 'license_name': 'Creative Commons Attribution 4.0 International', 'license_url': 'http://creativecommons.org/licenses/by/4.0/', 'license_image': 'https://i.creativecommons.org/l/by/4.0/88x31.png', 'permission': 0, 'url_name': '', 'thumbnail_url': '/OpenRobotics/models/BloodPressureMonitor/tip/files/thumbnails/1.png', 'version': 1, 'private': False, 'tags': ['monitor', 'bloodpressure', 'blood', 'bloodpressuremonitor'], 'categories': ['Appliance']}, {'createdAt': '2020-08-06T11:22:38Z', 'updatedAt': '2022-01-09T08:23:09Z', 'name': 'BPCart', 'owner': 'OpenRobotics', 'description': '', 'likes': 0, 'downloads': 1701, 'filesize': 1659990, 'upload_date': '2020-08-06T11:22:35Z', 'modify_date': '2020-08-06T11:49:22Z', 'license_id': 2, 'license_name': 'Creative Commons Attribution 4.0 International', 'license_url': 'http://creativecommons.org/licenses/by/4.0/', 'license_image': 'https://i.creativecommons.org/l/by/4.0/88x31.png', 'permission': 0, 'url_name': '', 'thumbnail_url': '/OpenRobotics/models/BPCart/tip/files/thumbnails/1.png', 'version': 1, 'private': False, 'tags': ['bp', 'cart', 'bpcart'], 'categories': ['Appliance']}, {'createdAt': '2020-06-26T09:36:40Z', 'updatedAt': '2022-01-09T08:23:18Z', 'name': 'BMWCart', 'owner': 'OpenRobotics', 'description': '', 'likes': 0, 'downloads': 1456, 'filesize': 1607574, 'upload_date': '2020-06-26T09:36:38Z', 'modify_date': '2020-06-26T09:36:38Z', 'license_id': 2, 'license_name': 'Creative Commons Attribution 4.0 International', 'license_url': 'http://creativecommons.org/licenses/by/4.0/', 'license_image': 'https://i.creativecommons.org/l/by/4.0/88x31.png', 'permission': 0, 'url_name': '', 'thumbnail_url': '/OpenRobotics/models/BMWCart/tip/files/thumbnails/1.png', 'version': 1, 'private': False, 'categories': ['Appliance']}, {'createdAt': '2019-10-28T05:53:59Z', 'updatedAt': '2022-01-09T08:23:28Z', 'name': 'CGMClassic', 'owner': 'OpenRobotics', 'description': '', 'likes': 0, 'downloads': 1948, 'filesize': 1597545, 'upload_date': '2019-10-28T05:53:56Z', 'modify_date': '2020-10-05T08:56:32Z', 'license_id': 2, 'license_name': 'Creative Commons Attribution 4.0 International', 'license_url': 'http://creativecommons.org/licenses/by/4.0/', 'license_image': 'https://i.creativecommons.org/l/by/4.0/88x31.png', 'permission': 0, 'url_name': '', 'thumbnail_url': '/OpenRobotics/models/CGMClassic/tip/files/thumbnails/1.png', 'version': 3, 'private': False, 'tags': ['hospital', 'bed']}, {'createdAt': '2019-10-28T06:40:47Z', 'updatedAt': '2022-01-09T08:24:21Z', 'name': 'StorageRack', 'owner': 'OpenRobotics', 'description': 'Empty Grilled Storage Rack', 'likes': 0, 'downloads': 24237, 'filesize': 70905, 'upload_date': '2019-10-28T06:40:44Z', 'modify_date': '2019-10-28T06:40:44Z', 'license_id': 2, 'license_name': 'Creative Commons Attribution 4.0 International', 'license_url': 'http://creativecommons.org/licenses/by/4.0/', 'license_image': 'https://i.creativecommons.org/l/by/4.0/88x31.png', 'permission': 0, 'url_name': '', 'thumbnail_url': '/OpenRobotics/models/StorageRack/tip/files/thumbnails/1.png', 'version': 1, 'private': False, 'tags': ['hospital']}, {'createdAt': '2020-05-20T19:30:13Z', 'updatedAt': '2022-01-09T08:24:52Z', 'name': 'Chair', 'owner': 'OpenRobotics', 'description': '', 'likes': 0, 'downloads': 10132, 'filesize': 2741590, 'upload_date': '2020-05-20T19:30:11Z', 'modify_date': '2020-05-20T19:30:11Z', 'license_id': 2, 'license_name': 'Creative Commons Attribution 4.0 International', 'license_url': 'http://creativecommons.org/licenses/by/4.0/', 'license_image': 'https://i.creativecommons.org/l/by/4.0/88x31.png', 'permission': 0, 'url_name': '', 'thumbnail_url': '/OpenRobotics/models/Chair/tip/files/thumbnails/1.png', 'version': 1, 'private': False, 'categories': ['Furniture and Home']}, {'createdAt': '2019-10-28T06:19:00Z', 'updatedAt': '2022-01-09T08:23:56Z', 'name': 'InstrumentCart1', 'owner': 'OpenRobotics', 'description': '', 'likes': 0, 'downloads': 1624, 'filesize': 135677, 'upload_date': '2019-10-28T06:18:57Z', 'modify_date': '2019-10-28T06:18:57Z', 'license_id': 2, 'license_name': 'Creative Commons Attribution 4.0 International', 'license_url': 'http://creativecommons.org/licenses/by/4.0/', 'license_image': 'https://i.creativecommons.org/l/by/4.0/88x31.png', 'permission': 0, 'url_name': '', 'thumbnail_url': '/OpenRobotics/models/InstrumentCart1/tip/files/thumbnails/1.png', 'version': 1, 'private': False, 'tags': ['hospital']}, {'createdAt': '2020-07-06T10:19:54Z', 'updatedAt': '2022-01-09T08:24:04Z', 'name': 'Scrubs', 'owner': 'OpenRobotics', 'description': '', 'likes': 0, 'downloads': 5023, 'filesize': 1028421, 'upload_date': '2020-07-06T10:19:52Z', 'modify_date': '2020-07-06T10:19:52Z', 'license_id': 2, 'license_name': 'Creative Commons Attribution 4.0 International', 'license_url': 'http://creativecommons.org/licenses/by/4.0/', 'license_image': 'https://i.creativecommons.org/l/by/4.0/88x31.png', 'permission': 0, 'url_name': '', 'thumbnail_url': '/OpenRobotics/models/Scrubs/tip/files/thumbnails/1.png', 'version': 1, 'private': False, 'categories': ['People']}, {'createdAt': '2019-10-28T06:33:50Z', 'updatedAt': '2022-01-09T08:24:13Z', 'name': 'PatientWheelChair', 'owner': 'OpenRobotics', 'description': 'Elderly patient on a wheelchair', 'likes': 0, 'downloads': 5172, 'filesize': 1175273, 'upload_date': '2019-10-28T06:33:46Z', 'modify_date': '2020-08-31T07:45:16Z', 'license_id': 2, 'license_name': 'Creative Commons Attribution 4.0 International', 'license_url': 'http://creativecommons.org/licenses/by/4.0/', 'license_image': 'https://i.creativecommons.org/l/by/4.0/88x31.png', 'permission': 0, 'url_name': '', 'thumbnail_url': '/OpenRobotics/models/PatientWheelChair/tip/files/thumbnails/1.png', 'version': 3, 'private': False, 'tags': ['person', 'hospital']}, {'createdAt': '2019-10-28T06:48:13Z', 'updatedAt': '2022-01-09T08:24:22Z', 'name': 'WhiteChipChair', 'owner': 'OpenRobotics', 'description': 'White row of seats.', 'likes': 0, 'downloads': 14264, 'filesize': 792333, 'upload_date': '2019-10-28T06:48:10Z', 'modify_date': '2021-01-15T07:34:47Z', 'license_id': 2, 'license_name': 'Creative Commons Attribution 4.0 International', 'license_url': 'http://creativecommons.org/licenses/by/4.0/', 'license_image': 'https://i.creativecommons.org/l/by/4.0/88x31.png', 'permission': 0, 'url_name': '', 'thumbnail_url': '/OpenRobotics/models/WhiteChipChair/tip/files/thumbnails/1.png', 'version': 2, 'private': False, 'tags': ['hospital', 'furniture']}, {'createdAt': '2019-10-25T09:22:08Z', 'updatedAt': '2022-01-09T08:24:31Z', 'name': 'TrolleyBed', 'owner': 'OpenRobotics', 'description': 'Bed to transport patients', 'likes': 0, 'downloads': 2025, 'filesize': 1015682, 'upload_date': '2019-10-25T09:22:04Z', 'modify_date': '2020-07-07T17:16:25Z', 'license_id': 2, 'license_name': 'Creative Commons Attribution 4.0 International', 'license_url': 'http://creativecommons.org/licenses/by/4.0/', 'license_image': 'https://i.creativecommons.org/l/by/4.0/88x31.png', 'permission': 0, 'url_name': '', 'thumbnail_url': '/OpenRobotics/models/TrolleyBed/tip/files/thumbnails/1.png', 'version': 2, 'private': False, 'tags': ['static', 'hospital', 'bed']}, {'createdAt': '2019-10-28T06:43:28Z', 'updatedAt': '2022-01-09T08:24:41Z', 'name': 'SurgicalTrolley', 'owner': 'OpenRobotics', 'description': 'Surgical supply trolley', 'likes': 0, 'downloads': 1576, 'filesize': 849805, 'upload_date': '2019-10-28T06:43:25Z', 'modify_date': '2019-10-28T06:43:25Z', 'license_id': 2, 'license_name': 'Creative Commons Attribution 4.0 International', 'license_url': 'http://creativecommons.org/licenses/by/4.0/', 'license_image': 'https://i.creativecommons.org/l/by/4.0/88x31.png', 'permission': 0, 'url_name': '', 'thumbnail_url': '/OpenRobotics/models/SurgicalTrolley/tip/files/thumbnails/1.png', 'version': 1, 'private': False, 'tags': ['hospital']}, {'createdAt': '2019-10-28T06:34:44Z', 'updatedAt': '2022-01-09T08:24:51Z', 'name': 'PotatoChipChair', 'owner': 'OpenRobotics', 'description': 'Blue row of seats.', 'likes': 0, 'downloads': 11802, 'filesize': 824743, 'upload_date': '2019-10-28T06:34:41Z', 'modify_date': '2021-01-15T07:33:39Z', 'license_id': 2, 'license_name': 'Creative Commons Attribution 4.0 International', 'license_url': 'http://creativecommons.org/licenses/by/4.0/', 'license_image': 'https://i.creativecommons.org/l/by/4.0/88x31.png', 'permission': 0, 'url_name': '', 'thumbnail_url': '/OpenRobotics/models/PotatoChipChair/tip/files/thumbnails/1.png', 'version': 2, 'private': False, 'tags': ['hospital', 'furniture']}, {'createdAt': '2020-05-20T19:38:37Z', 'updatedAt': '2022-01-09T08:25:00Z', 'name': 'VisitorKidSit', 'owner': 'OpenRobotics', 'description': '', 'likes': 0, 'downloads': 8437, 'filesize': 744956, 'upload_date': '2020-05-20T19:38:35Z', 'modify_date': '2020-05-20T19:38:35Z', 'license_id': 2, 'license_name': 'Creative Commons Attribution 4.0 International', 'license_url': 'http://creativecommons.org/licenses/by/4.0/', 'license_image': 'https://i.creativecommons.org/l/by/4.0/88x31.png', 'permission': 0, 'url_name': '', 'thumbnail_url': '/OpenRobotics/models/VisitorKidSit/tip/files/thumbnails/1.png', 'version': 1, 'private': False, 'categories': ['People']}, {'createdAt': '2020-05-20T19:34:41Z', 'updatedAt': '2022-01-09T08:25:08Z', 'name': 'FemaleVisitorSit', 'owner': 'OpenRobotics', 'description': '', 'likes': 0, 'downloads': 8689, 'filesize': 669884, 'upload_date': '2020-05-20T19:34:39Z', 'modify_date': '2020-05-20T19:34:39Z', 'license_id': 2, 'license_name': 'Creative Commons Attribution 4.0 International', 'license_url': 'http://creativecommons.org/licenses/by/4.0/', 'license_image': 'https://i.creativecommons.org/l/by/4.0/88x31.png', 'permission': 0, 'url_name': '', 'thumbnail_url': '/OpenRobotics/models/FemaleVisitorSit/tip/files/thumbnails/1.png', 'version': 1, 'private': False, 'categories': ['People']}, {'createdAt': '2020-06-09T12:06:50Z', 'updatedAt': '2022-01-09T08:25:27Z', 'name': 'AdjTable', 'owner': 'OpenRobotics', 'description': '', 'likes': 0, 'downloads': 6364, 'filesize': 4100585, 'upload_date': '2020-06-09T12:06:48Z', 'modify_date': '2020-07-15T05:23:10Z', 'license_id': 2, 'license_name': 'Creative Commons Attribution 4.0 International', 'license_url': 'http://creativecommons.org/licenses/by/4.0/', 'license_image': 'https://i.creativecommons.org/l/by/4.0/88x31.png', 'permission': 0, 'url_name': '', 'thumbnail_url': '/OpenRobotics/models/AdjTable/tip/files/thumbnails/1.png', 'version': 3, 'private': False, 'categories': ['Furniture and Home']}, {'createdAt': '2020-06-22T08:41:13Z', 'updatedAt': '2022-01-09T08:25:48Z', 'name': 'MopCart3', 'owner': 'OpenRobotics', 'description': '', 'likes': 0, 'downloads': 8750, 'filesize': 5787981, 'upload_date': '2020-06-22T08:41:10Z', 'modify_date': '2020-06-22T08:41:10Z', 'license_id': 2, 'license_name': 'Creative Commons Attribution 4.0 International', 'license_url': 'http://creativecommons.org/licenses/by/4.0/', 'license_image': 'https://i.creativecommons.org/l/by/4.0/88x31.png', 'permission': 0, 'url_name': '', 'thumbnail_url': '/OpenRobotics/models/MopCart3/tip/files/thumbnails/1.png', 'version': 1, 'private': False, 'categories': ['Appliance']}, {'createdAt': '2020-05-20T19:36:36Z', 'updatedAt': '2022-01-09T08:26:17Z', 'name': 'MaleVisitorSit', 'owner': 'OpenRobotics', 'description': '', 'likes': 0, 'downloads': 8640, 'filesize': 596416, 'upload_date': '2020-05-20T19:36:34Z', 'modify_date': '2020-05-20T19:36:34Z', 'license_id': 2, 'license_name': 'Creative Commons Attribution 4.0 International', 'license_url': 'http://creativecommons.org/licenses/by/4.0/', 'license_image': 'https://i.creativecommons.org/l/by/4.0/88x31.png', 'permission': 0, 'url_name': '', 'thumbnail_url': '/OpenRobotics/models/MaleVisitorSit/tip/files/thumbnails/1.png', 'version': 1, 'private': False, 'categories': ['People']}, {'createdAt': '2020-06-09T12:11:18Z', 'updatedAt': '2022-01-09T08:24:31Z', 'name': 'Drawer', 'owner': 'OpenRobotics', 'description': '', 'likes': 0, 'downloads': 7445, 'filesize': 135520, 'upload_date': '2020-06-09T12:11:16Z', 'modify_date': '2020-06-09T12:11:16Z', 'license_id': 2, 'license_name': 'Creative Commons Attribution 4.0 International', 'license_url': 'http://creativecommons.org/licenses/by/4.0/', 'license_image': 'https://i.creativecommons.org/l/by/4.0/88x31.png', 'permission': 0, 'url_name': '', 'thumbnail_url': '/OpenRobotics/models/Drawer/tip/files/thumbnails/1.png', 'version': 1, 'private': False, 'categories': ['Furniture and Home']}, {'createdAt': '2020-06-09T12:12:56Z', 'updatedAt': '2022-01-09T08:24:28Z', 'name': 'OfficeChairBlack', 'owner': 'OpenRobotics', 'description': '', 'likes': 0, 'downloads': 6747, 'filesize': 793096, 'upload_date': '2020-06-09T12:12:54Z', 'modify_date': '2020-06-09T12:12:54Z', 'license_id': 2, 'license_name': 'Creative Commons Attribution 4.0 International', 'license_url': 'http://creativecommons.org/licenses/by/4.0/', 'license_image': 'https://i.creativecommons.org/l/by/4.0/88x31.png', 'permission': 0, 'url_name': '', 'thumbnail_url': '/OpenRobotics/models/OfficeChairBlack/tip/files/thumbnails/1.png', 'version': 1, 'private': False, 'categories': ['Furniture and Home']}, {'createdAt': '2020-05-21T06:09:55Z', 'updatedAt': '2022-01-09T08:23:46Z', 'name': 'ElderLadyPatient', 'owner': 'OpenRobotics', 'description': '', 'likes': 0, 'downloads': 5070, 'filesize': 2731549, 'upload_date': '2020-05-21T06:09:52Z', 'modify_date': '2020-05-21T06:09:52Z', 'license_id': 2, 'license_name': 'Creative Commons Attribution 4.0 International', 'license_url': 'http://creativecommons.org/licenses/by/4.0/', 'license_image': 'https://i.creativecommons.org/l/by/4.0/88x31.png', 'permission': 0, 'url_name': '', 'thumbnail_url': '/OpenRobotics/models/ElderLadyPatient/tip/files/thumbnails/1.png', 'version': 1, 'private': False, 'categories': ['People']}, {'createdAt': '2020-05-21T06:13:26Z', 'updatedAt': '2022-01-09T08:23:50Z', 'name': 'ElderMalePatient', 'owner': 'OpenRobotics', 'description': '', 'likes': 0, 'downloads': 5317, 'filesize': 2918271, 'upload_date': '2020-05-21T06:13:24Z', 'modify_date': '2020-05-21T06:13:24Z', 'license_id': 2, 'license_name': 'Creative Commons Attribution 4.0 International', 'license_url': 'http://creativecommons.org/licenses/by/4.0/', 'license_image': 'https://i.creativecommons.org/l/by/4.0/88x31.png', 'permission': 0, 'url_name': '', 'thumbnail_url': '/OpenRobotics/models/ElderMalePatient/tip/files/thumbnails/1.png', 'version': 1, 'private': False, 'categories': ['People']}, {'createdAt': '2019-10-28T06:19:44Z', 'updatedAt': '2022-01-09T08:07:32Z', 'name': 'InstrumentCart2', 'owner': 'OpenRobotics', 'description': '', 'likes': 0, 'downloads': 1583, 'filesize': 702606, 'upload_date': '2019-10-28T06:19:41Z', 'modify_date': '2019-10-28T06:19:41Z', 'license_id': 2, 'license_name': 'Creative Commons Attribution 4.0 International', 'license_url': 'http://creativecommons.org/licenses/by/4.0/', 'license_image': 'https://i.creativecommons.org/l/by/4.0/88x31.png', 'permission': 0, 'url_name': '', 'thumbnail_url': '/OpenRobotics/models/InstrumentCart2/tip/files/thumbnails/1.png', 'version': 1, 'private': False, 'tags': ['hospital']}, {'createdAt': '2019-10-28T06:23:41Z', 'updatedAt': '2022-01-09T08:23:17Z', 'name': 'MetalCabinet', 'owner': 'OpenRobotics', 'description': 'Tall grey metal cabinet', 'likes': 0, 'downloads': 7978, 'filesize': 29065, 'upload_date': '2019-10-28T06:23:37Z', 'modify_date': '2019-10-28T06:23:37Z', 'license_id': 2, 'license_name': 'Creative Commons Attribution 4.0 International', 'license_url': 'http://creativecommons.org/licenses/by/4.0/', 'license_image': 'https://i.creativecommons.org/l/by/4.0/88x31.png', 'permission': 0, 'url_name': '', 'thumbnail_url': '/OpenRobotics/models/MetalCabinet/tip/files/thumbnails/1.png', 'version': 1, 'private': False, 'tags': ['hospital']}, {'createdAt': '2020-05-21T05:53:52Z', 'updatedAt': '2022-01-09T08:07:47Z', 'name': 'BedTable', 'owner': 'OpenRobotics', 'description': '', 'likes': 0, 'downloads': 1839, 'filesize': 1088303, 'upload_date': '2020-05-21T05:53:49Z', 'modify_date': '2020-05-21T05:53:49Z', 'license_id': 2, 'license_name': 'Creative Commons Attribution 4.0 International', 'license_url': 'http://creativecommons.org/licenses/by/4.0/', 'license_image': 'https://i.creativecommons.org/l/by/4.0/88x31.png', 'permission': 0, 'url_name': '', 'thumbnail_url': '/OpenRobotics/models/BedTable/tip/files/thumbnails/1.png', 'version': 1, 'private': False, 'categories': ['Furniture and Home']}, {'createdAt': '2020-05-21T05:27:18Z', 'updatedAt': '2022-01-09T08:24:25Z', 'name': 'BedsideTable', 'owner': 'OpenRobotics', 'description': '', 'likes': 0, 'downloads': 2946, 'filesize': 691910, 'upload_date': '2020-05-21T05:27:16Z', 'modify_date': '2020-05-21T05:27:16Z', 'license_id': 2, 'license_name': 'Creative Commons Attribution 4.0 International', 'license_url': 'http://creativecommons.org/licenses/by/4.0/', 'license_image': 'https://i.creativecommons.org/l/by/4.0/88x31.png', 'permission': 0, 'url_name': '', 'thumbnail_url': '/OpenRobotics/models/BedsideTable/tip/files/thumbnails/1.png', 'version': 1, 'private': False, 'categories': ['Furniture and Home']}, {'createdAt': '2020-06-26T09:35:49Z', 'updatedAt': '2022-01-09T08:08:04Z', 'name': 'AnesthesiaMachine', 'owner': 'OpenRobotics', 'description': '', 'likes': 0, 'downloads': 1825, 'filesize': 541299, 'upload_date': '2020-06-26T09:35:47Z', 'modify_date': '2020-06-26T09:35:47Z', 'license_id': 2, 'license_name': 'Creative Commons Attribution 4.0 International', 'license_url': 'http://creativecommons.org/licenses/by/4.0/', 'license_image': 'https://i.creativecommons.org/l/by/4.0/88x31.png', 'permission': 0, 'url_name': '', 'thumbnail_url': '/OpenRobotics/models/AnesthesiaMachine/tip/files/thumbnails/1.png', 'version': 1, 'private': False, 'categories': ['Appliance']}, {'createdAt': '2019-10-28T06:45:05Z', 'updatedAt': '2022-01-09T08:08:13Z', 'name': 'TrolleyBedPatient', 'owner': 'OpenRobotics', 'description': 'Trolley Bed with patient', 'likes': 0, 'downloads': 1738, 'filesize': 1479205, 'upload_date': '2019-10-28T06:45:01Z', 'modify_date': '2020-07-07T17:16:55Z', 'license_id': 2, 'license_name': 'Creative Commons Attribution 4.0 International', 'license_url': 'http://creativecommons.org/licenses/by/4.0/', 'license_image': 'https://i.creativecommons.org/l/by/4.0/88x31.png', 'permission': 0, 'url_name': '', 'thumbnail_url': '/OpenRobotics/models/TrolleyBedPatient/tip/files/thumbnails/1.png', 'version': 2, 'private': False, 'tags': ['person', 'hospital', 'furniture']}, {'createdAt': '2020-06-25T10:18:19Z', 'updatedAt': '2022-01-09T08:24:09Z', 'name': 'Shower', 'owner': 'OpenRobotics', 'description': '', 'likes': 0, 'downloads': 6773, 'filesize': 568856, 'upload_date': '2020-06-25T10:18:17Z', 'modify_date': '2020-06-25T10:18:17Z', 'license_id': 2, 'license_name': 'Creative Commons Attribution 4.0 International', 'license_url': 'http://creativecommons.org/licenses/by/4.0/', 'license_image': 'https://i.creativecommons.org/l/by/4.0/88x31.png', 'permission': 0, 'url_name': '', 'thumbnail_url': '/OpenRobotics/models/Shower/tip/files/thumbnails/1.png', 'version': 1, 'private': False, 'categories': ['Furniture and Home']}, {'createdAt': '2020-06-26T09:39:00Z', 'updatedAt': '2022-01-09T08:23:06Z', 'name': 'SurgicalTrolleyMed', 'owner': 'OpenRobotics', 'description': '', 'likes': 0, 'downloads': 4840, 'filesize': 860176, 'upload_date': '2020-06-26T09:38:58Z', 'modify_date': '2020-06-26T09:38:58Z', 'license_id': 2, 'license_name': 'Creative Commons Attribution 4.0 International', 'license_url': 'http://creativecommons.org/licenses/by/4.0/', 'license_image': 'https://i.creativecommons.org/l/by/4.0/88x31.png', 'permission': 0, 'url_name': '', 'thumbnail_url': '/OpenRobotics/models/SurgicalTrolleyMed/tip/files/thumbnails/1.png', 'version': 1, 'private': False, 'categories': ['Appliance']}, {'createdAt': '2019-10-28T06:42:26Z', 'updatedAt': '2022-01-09T08:08:39Z', 'name': 'StorageRackCovered', 'owner': 'OpenRobotics', 'description': 'Storage rack covered.', 'likes': 0, 'downloads': 15602, 'filesize': 536807, 'upload_date': '2019-10-28T06:42:22Z', 'modify_date': '2019-10-28T06:42:22Z', 'license_id': 2, 'license_name': 'Creative Commons Attribution 4.0 International', 'license_url': 'http://creativecommons.org/licenses/by/4.0/', 'license_image': 'https://i.creativecommons.org/l/by/4.0/88x31.png', 'permission': 0, 'url_name': '', 'thumbnail_url': '/OpenRobotics/models/StorageRackCovered/tip/files/thumbnails/1.png', 'version': 1, 'private': False, 'tags': ['hospital']}, {'createdAt': '2020-06-22T08:38:48Z', 'updatedAt': '2022-01-09T08:23:25Z', 'name': 'KitchenSink', 'owner': 'OpenRobotics', 'description': '', 'likes': 0, 'downloads': 8455, 'filesize': 41731, 'upload_date': '2020-06-22T08:38:47Z', 'modify_date': '2020-06-22T08:42:25Z', 'license_id': 2, 'license_name': 'Creative Commons Attribution 4.0 International', 'license_url': 'http://creativecommons.org/licenses/by/4.0/', 'license_image': 'https://i.creativecommons.org/l/by/4.0/88x31.png', 'permission': 0, 'url_name': '', 'thumbnail_url': '/OpenRobotics/models/KitchenSink/tip/files/thumbnails/1.png', 'version': 1, 'private': False, 'categories': ['Furniture and Home', 'Kitchen']}, {'createdAt': '2020-06-25T10:18:48Z', 'updatedAt': '2022-01-09T08:25:00Z', 'name': 'Toilet', 'owner': 'OpenRobotics', 'description': '', 'likes': 0, 'downloads': 10072, 'filesize': 205503, 'upload_date': '2020-06-25T10:18:46Z', 'modify_date': '2020-06-25T10:18:46Z', 'license_id': 2, 'license_name': 'Creative Commons Attribution 4.0 International', 'license_url': 'http://creativecommons.org/licenses/by/4.0/', 'license_image': 'https://i.creativecommons.org/l/by/4.0/88x31.png', 'permission': 0, 'url_name': '', 'thumbnail_url': '/OpenRobotics/models/Toilet/tip/files/thumbnails/1.png', 'version': 1, 'private': False, 'categories': ['Furniture and Home']}, {'createdAt': '2020-06-25T10:20:57Z', 'updatedAt': '2022-01-09T08:24:55Z', 'name': 'VendingMachine', 'owner': 'OpenRobotics', 'description': '', 'likes': 0, 'downloads': 29876, 'filesize': 619550, 'upload_date': '2020-06-25T10:20:53Z', 'modify_date': '2020-07-15T05:32:07Z', 'license_id': 2, 'license_name': 'Creative Commons Attribution 4.0 International', 'license_url': 'http://creativecommons.org/licenses/by/4.0/', 'license_image': 'https://i.creativecommons.org/l/by/4.0/88x31.png', 'permission': 0, 'url_name': '', 'thumbnail_url': '/OpenRobotics/models/VendingMachine/tip/files/thumbnails/1.png', 'version': 2, 'private': False, 'categories': ['Appliance']}, {'createdAt': '2019-10-28T06:31:59Z', 'updatedAt': '2022-01-09T08:09:14Z', 'name': 'ParkingTrolleyMin', 'owner': 'OpenRobotics', 'description': 'Trolley and carts parking area with bags, this one has less bags', 'likes': 0, 'downloads': 1527, 'filesize': 1946726, 'upload_date': '2019-10-28T06:31:55Z', 'modify_date': '2020-07-07T17:15:19Z', 'license_id': 2, 'license_name': 'Creative Commons Attribution 4.0 International', 'license_url': 'http://creativecommons.org/licenses/by/4.0/', 'license_image': 'https://i.creativecommons.org/l/by/4.0/88x31.png', 'permission': 0, 'url_name': '', 'thumbnail_url': '/OpenRobotics/models/ParkingTrolleyMin/tip/files/thumbnails/1.png', 'version': 2, 'private': False, 'tags': ['hospital']}, {'createdAt': '2020-06-25T10:17:29Z', 'updatedAt': '2022-01-09T08:22:58Z', 'name': 'PatientFSit', 'owner': 'OpenRobotics', 'description': '', 'likes': 0, 'downloads': 5094, 'filesize': 657045, 'upload_date': '2020-06-25T10:17:27Z', 'modify_date': '2020-06-25T10:17:27Z', 'license_id': 2, 'license_name': 'Creative Commons Attribution 4.0 International', 'license_url': 'http://creativecommons.org/licenses/by/4.0/', 'license_image': 'https://i.creativecommons.org/l/by/4.0/88x31.png', 'permission': 0, 'url_name': '', 'thumbnail_url': '/OpenRobotics/models/PatientFSit/tip/files/thumbnails/1.png', 'version': 1, 'private': False, 'categories': ['People']}, {'createdAt': '2020-06-25T10:13:35Z', 'updatedAt': '2022-01-09T08:23:48Z', 'name': 'MaleVisitorOnPhone', 'owner': 'OpenRobotics', 'description': '', 'likes': 0, 'downloads': 5548, 'filesize': 1394258, 'upload_date': '2020-06-25T10:13:33Z', 'modify_date': '2020-06-25T10:13:33Z', 'license_id': 2, 'license_name': 'Creative Commons Attribution 4.0 International', 'license_url': 'http://creativecommons.org/licenses/by/4.0/', 'license_image': 'https://i.creativecommons.org/l/by/4.0/88x31.png', 'permission': 0, 'url_name': '', 'thumbnail_url': '/OpenRobotics/models/MaleVisitorOnPhone/tip/files/thumbnails/1.png', 'version': 1, 'private': False, 'categories': ['People', 'Tablet and Smartphone']}, {'createdAt': '2020-05-20T19:33:13Z', 'updatedAt': '2022-01-09T08:23:43Z', 'name': 'FemaleVisitor', 'owner': 'OpenRobotics', 'description': '', 'likes': 0, 'downloads': 8462, 'filesize': 685516, 'upload_date': '2020-05-20T19:33:11Z', 'modify_date': '2020-05-20T19:33:11Z', 'license_id': 2, 'license_name': 'Creative Commons Attribution 4.0 International', 'license_url': 'http://creativecommons.org/licenses/by/4.0/', 'license_image': 'https://i.creativecommons.org/l/by/4.0/88x31.png', 'permission': 0, 'url_name': '', 'thumbnail_url': '/OpenRobotics/models/FemaleVisitor/tip/files/thumbnails/1.png', 'version': 1, 'private': False, 'categories': ['People']}, {'createdAt': '2020-06-25T10:12:27Z', 'updatedAt': '2022-01-08T16:51:10Z', 'name': 'MalePatientBed', 'owner': 'OpenRobotics', 'description': '', 'likes': 0, 'downloads': 1998, 'filesize': 2087725, 'upload_date': '2020-06-25T10:12:25Z', 'modify_date': '2020-06-25T10:12:25Z', 'license_id': 2, 'license_name': 'Creative Commons Attribution 4.0 International', 'license_url': 'http://creativecommons.org/licenses/by/4.0/', 'license_image': 'https://i.creativecommons.org/l/by/4.0/88x31.png', 'permission': 0, 'url_name': '', 'thumbnail_url': '/OpenRobotics/models/MalePatientBed/tip/files/thumbnails/1.png', 'version': 1, 'private': False, 'categories': ['People']}, {'createdAt': '2019-10-28T06:41:39Z', 'updatedAt': '2022-01-09T04:14:08Z', 'name': 'StorageRackCoverOpen', 'owner': 'OpenRobotics', 'description': 'Storage rack with blue cover, open.', 'likes': 0, 'downloads': 13633, 'filesize': 635216, 'upload_date': '2019-10-28T06:41:36Z', 'modify_date': '2019-10-28T06:41:36Z', 'license_id': 2, 'license_name': 'Creative Commons Attribution 4.0 International', 'license_url': 'http://creativecommons.org/licenses/by/4.0/', 'license_image': 'https://i.creativecommons.org/l/by/4.0/88x31.png', 'permission': 0, 'url_name': '', 'thumbnail_url': '/OpenRobotics/models/StorageRackCoverOpen/tip/files/thumbnails/1.png', 'version': 1, 'private': False, 'tags': ['hospital']}, {'createdAt': '2019-10-28T06:30:59Z', 'updatedAt': '2022-01-09T08:23:37Z', 'name': 'ParkingTrolleyMax', 'owner': 'OpenRobotics', 'description': 'Trolley and carts parking area with bags, this one has more bags', 'likes': 0, 'downloads': 9906, 'filesize': 778398, 'upload_date': '2019-10-28T06:30:55Z', 'modify_date': '2020-07-07T17:14:45Z', 'license_id': 2, 'license_name': 'Creative Commons Attribution 4.0 International', 'license_url': 'http://creativecommons.org/licenses/by/4.0/', 'license_image': 'https://i.creativecommons.org/l/by/4.0/88x31.png', 'permission': 0, 'url_name': '', 'thumbnail_url': '/OpenRobotics/models/ParkingTrolleyMax/tip/files/thumbnails/1.png', 'version': 2, 'private': False, 'tags': ['hospital']}]
[48.470s] INFO:root:Downloading zip files and extracting them into /home/minji/catkin_ws/src/aws-robomaker-hospital-world-ros1/fuel_models directory
[48.470s] INFO:root:Downloading XRayMachine
[48.471s] DEBUG:urllib3.connectionpool:Starting new HTTPS connection (1): fuel.ignitionrobotics.org:443
[51.316s] DEBUG:urllib3.connectionpool:https://fuel.ignitionrobotics.org:443 "GET /1.0/OpenRobotics/models/XRayMachine/1/XRayMachine.zip HTTP/1.1" 200 345665
[60.705s] INFO:root:Sleeping for 5 second(s) between file downloads.
[60.705s] INFO:root:Downloading IVStand
[60.708s] DEBUG:urllib3.connectionpool:Starting new HTTPS connection (1): fuel.ignitionrobotics.org:443
[63.226s] DEBUG:urllib3.connectionpool:https://fuel.ignitionrobotics.org:443 "GET /1.0/OpenRobotics/models/IVStand/1/IVStand.zip HTTP/1.1" 200 774855
[63.393s] Invoked command in '/home/minji/catkin_ws/src/aws-robomaker-hospital-world-ros1/build/aws_robomaker_hospital_world' returned '-2': /usr/bin/cmake /home/minji/catkin_ws/src/aws-robomaker-hospital-world-ros1 -DCATKIN_INSTALL_INTO_PREFIX_ROOT=0 -DCMAKE_INSTALL_PREFIX=/home/minji/catkin_ws/src/aws-robomaker-hospital-world-ros1/install/aws_robomaker_hospital_world
